{"/Users/augustopissarra/dev/boaoferta/dev/security/domains/helpers/modules/mongo.js":{"path":"/Users/augustopissarra/dev/boaoferta/dev/security/domains/helpers/modules/mongo.js","s":{"1":1,"2":1,"3":1,"4":1,"5":1,"6":2,"7":2,"8":2,"9":2,"10":2,"11":1,"12":0,"13":1,"14":1,"15":1,"16":1,"17":0,"18":0,"19":0,"20":0,"21":0,"22":1,"23":1,"24":1,"25":1,"26":1,"27":1,"28":0,"29":0,"30":0,"31":1,"32":3,"33":1,"34":1,"35":1,"36":1,"37":1,"38":1,"39":1,"40":1},"b":{"1":[2,0],"2":[2,2,2],"3":[0,0],"4":[0,0,0],"5":[0,0],"6":[1,0],"7":[1,1,1],"8":[1,0],"9":[0,0],"10":[2,1]},"f":{},"fnMap":{},"statementMap":{"1":{"start":{"line":1,"column":0},"end":{"line":1,"column":28}},"2":{"start":{"line":2,"column":0},"end":{"line":2,"column":27}},"3":{"start":{"line":3,"column":0},"end":{"line":3,"column":37}},"4":{"start":{"line":12,"column":0},"end":{"line":22,"column":2}},"5":{"start":{"line":28,"column":0},"end":{"line":40,"column":2}},"6":{"start":{"line":29,"column":4},"end":{"line":34,"column":7}},"7":{"start":{"line":35,"column":4},"end":{"line":35,"column":63}},"8":{"start":{"line":36,"column":4},"end":{"line":39,"column":5}},"9":{"start":{"line":37,"column":8},"end":{"line":37,"column":50}},"10":{"start":{"line":38,"column":8},"end":{"line":38,"column":38}},"11":{"start":{"line":46,"column":0},"end":{"line":48,"column":2}},"12":{"start":{"line":47,"column":4},"end":{"line":47,"column":28}},"13":{"start":{"line":54,"column":0},"end":{"line":77,"column":2}},"14":{"start":{"line":55,"column":4},"end":{"line":55,"column":70}},"15":{"start":{"line":57,"column":4},"end":{"line":57,"column":41}},"16":{"start":{"line":59,"column":4},"end":{"line":67,"column":7}},"17":{"start":{"line":60,"column":8},"end":{"line":63,"column":9}},"18":{"start":{"line":61,"column":12},"end":{"line":61,"column":52}},"19":{"start":{"line":62,"column":12},"end":{"line":62,"column":29}},"20":{"start":{"line":64,"column":8},"end":{"line":66,"column":9}},"21":{"start":{"line":65,"column":12},"end":{"line":65,"column":20}},"22":{"start":{"line":69,"column":4},"end":{"line":76,"column":7}},"23":{"start":{"line":70,"column":8},"end":{"line":72,"column":9}},"24":{"start":{"line":71,"column":12},"end":{"line":71,"column":56}},"25":{"start":{"line":73,"column":8},"end":{"line":75,"column":9}},"26":{"start":{"line":74,"column":12},"end":{"line":74,"column":17}},"27":{"start":{"line":79,"column":0},"end":{"line":85,"column":2}},"28":{"start":{"line":80,"column":4},"end":{"line":84,"column":7}},"29":{"start":{"line":81,"column":8},"end":{"line":83,"column":9}},"30":{"start":{"line":82,"column":12},"end":{"line":82,"column":20}},"31":{"start":{"line":94,"column":0},"end":{"line":96,"column":2}},"32":{"start":{"line":95,"column":4},"end":{"line":95,"column":58}},"33":{"start":{"line":103,"column":0},"end":{"line":112,"column":2}},"34":{"start":{"line":104,"column":4},"end":{"line":104,"column":56}},"35":{"start":{"line":105,"column":4},"end":{"line":105,"column":59}},"36":{"start":{"line":106,"column":4},"end":{"line":106,"column":91}},"37":{"start":{"line":107,"column":4},"end":{"line":107,"column":70}},"38":{"start":{"line":109,"column":4},"end":{"line":111,"column":7}},"39":{"start":{"line":110,"column":8},"end":{"line":110,"column":25}},"40":{"start":{"line":114,"column":0},"end":{"line":124,"column":2}}},"branchMap":{"1":{"line":36,"type":"if","locations":[{"start":{"line":36,"column":4},"end":{"line":36,"column":4}},{"start":{"line":36,"column":4},"end":{"line":36,"column":4}}]},"2":{"line":36,"type":"binary-expr","locations":[{"start":{"line":36,"column":7},"end":{"line":36,"column":22}},{"start":{"line":36,"column":26},"end":{"line":36,"column":46}},{"start":{"line":36,"column":50},"end":{"line":36,"column":77}}]},"3":{"line":60,"type":"if","locations":[{"start":{"line":60,"column":8},"end":{"line":60,"column":8}},{"start":{"line":60,"column":8},"end":{"line":60,"column":8}}]},"4":{"line":60,"type":"binary-expr","locations":[{"start":{"line":60,"column":11},"end":{"line":60,"column":26}},{"start":{"line":60,"column":30},"end":{"line":60,"column":50}},{"start":{"line":60,"column":54},"end":{"line":60,"column":80}}]},"5":{"line":64,"type":"if","locations":[{"start":{"line":64,"column":8},"end":{"line":64,"column":8}},{"start":{"line":64,"column":8},"end":{"line":64,"column":8}}]},"6":{"line":70,"type":"if","locations":[{"start":{"line":70,"column":8},"end":{"line":70,"column":8}},{"start":{"line":70,"column":8},"end":{"line":70,"column":8}}]},"7":{"line":70,"type":"binary-expr","locations":[{"start":{"line":70,"column":11},"end":{"line":70,"column":26}},{"start":{"line":70,"column":30},"end":{"line":70,"column":50}},{"start":{"line":70,"column":54},"end":{"line":70,"column":82}}]},"8":{"line":73,"type":"if","locations":[{"start":{"line":73,"column":8},"end":{"line":73,"column":8}},{"start":{"line":73,"column":8},"end":{"line":73,"column":8}}]},"9":{"line":81,"type":"if","locations":[{"start":{"line":81,"column":8},"end":{"line":81,"column":8}},{"start":{"line":81,"column":8},"end":{"line":81,"column":8}}]},"10":{"line":95,"type":"cond-expr","locations":[{"start":{"line":95,"column":28},"end":{"line":95,"column":53}},{"start":{"line":95,"column":56},"end":{"line":95,"column":57}}]}}},"/Users/augustopissarra/dev/boaoferta/dev/security/domains/helpers/modules/utils.js":{"path":"/Users/augustopissarra/dev/boaoferta/dev/security/domains/helpers/modules/utils.js","s":{"1":1,"2":1,"3":1,"4":1,"5":45,"6":45,"7":45,"8":45,"9":44,"10":44,"11":274,"12":274,"13":274,"14":274,"15":41,"16":41,"17":41,"18":271,"19":41,"20":1,"21":1,"22":1,"23":3,"24":1,"25":1,"26":0,"27":1,"28":2,"29":1,"30":2,"31":1,"32":1,"33":1,"34":1,"35":1,"36":1,"37":1,"38":2,"39":2,"40":1,"41":1,"42":1,"43":2,"44":2,"45":1,"46":1,"47":1,"48":0,"49":0,"50":0,"51":0,"52":0,"53":0,"54":0,"55":0,"56":0,"57":0,"58":1,"59":8,"60":7,"61":7,"62":0,"63":0,"64":7,"65":7,"66":7,"67":0,"68":1,"69":1,"70":1,"71":1,"72":937,"73":1,"74":117,"75":117,"76":1,"77":9,"78":14,"79":14,"80":77,"81":64,"82":1,"83":1,"84":0,"85":1,"86":1,"87":1,"88":1,"89":1,"90":12,"91":7,"92":7,"93":1,"94":1},"b":{"1":[41,0],"2":[1,1],"3":[2,1],"4":[1,1],"5":[2,1],"6":[0,0],"7":[0,0],"8":[0,0],"9":[0,0],"10":[0,0],"11":[0,0],"12":[7,1],"13":[0,7],"14":[7,0],"15":[7,7],"16":[0,7],"17":[7,6],"18":[0,7],"19":[116,1],"20":[1,13],"21":[64,13],"22":[1,63],"23":[1,0],"24":[1,0],"25":[7,5],"26":[12,9]},"f":{"1":45,"2":44,"3":274,"4":41,"5":3,"6":2,"7":0,"8":8,"9":937,"10":117,"11":12},"fnMap":{"1":{"name":"(anonymous_1)","line":9,"loc":{"start":{"line":9,"column":15},"end":{"line":9,"column":25}}},"2":{"name":"(anonymous_2)","line":18,"loc":{"start":{"line":18,"column":8},"end":{"line":18,"column":11}}},"3":{"name":"(anonymous_3)","line":23,"loc":{"start":{"line":23,"column":8},"end":{"line":23,"column":14}}},"4":{"name":"(anonymous_4)","line":30,"loc":{"start":{"line":30,"column":7},"end":{"line":30,"column":17}}},"5":{"name":"(anonymous_5)","line":47,"loc":{"start":{"line":47,"column":33},"end":{"line":47,"column":50}}},"6":{"name":"(anonymous_6)","line":62,"loc":{"start":{"line":62,"column":29},"end":{"line":62,"column":64}}},"7":{"name":"(anonymous_7)","line":100,"loc":{"start":{"line":100,"column":27},"end":{"line":100,"column":75}}},"8":{"name":"(anonymous_8)","line":119,"loc":{"start":{"line":119,"column":27},"end":{"line":119,"column":82}}},"9":{"name":"(anonymous_9)","line":147,"loc":{"start":{"line":147,"column":22},"end":{"line":147,"column":33}}},"10":{"name":"(anonymous_10)","line":151,"loc":{"start":{"line":151,"column":24},"end":{"line":151,"column":38}}},"11":{"name":"(anonymous_11)","line":188,"loc":{"start":{"line":188,"column":38},"end":{"line":188,"column":54}}}},"statementMap":{"1":{"start":{"line":1,"column":0},"end":{"line":1,"column":28}},"2":{"start":{"line":2,"column":0},"end":{"line":2,"column":39}},"3":{"start":{"line":3,"column":0},"end":{"line":3,"column":37}},"4":{"start":{"line":4,"column":0},"end":{"line":4,"column":40}},"5":{"start":{"line":10,"column":8},"end":{"line":10,"column":26}},"6":{"start":{"line":11,"column":8},"end":{"line":13,"column":20}},"7":{"start":{"line":14,"column":8},"end":{"line":14,"column":24}},"8":{"start":{"line":15,"column":8},"end":{"line":15,"column":23}},"9":{"start":{"line":19,"column":8},"end":{"line":19,"column":26}},"10":{"start":{"line":20,"column":8},"end":{"line":20,"column":38}},"11":{"start":{"line":24,"column":8},"end":{"line":24,"column":26}},"12":{"start":{"line":25,"column":8},"end":{"line":25,"column":49}},"13":{"start":{"line":26,"column":8},"end":{"line":26,"column":43}},"14":{"start":{"line":27,"column":8},"end":{"line":27,"column":109}},"15":{"start":{"line":31,"column":8},"end":{"line":31,"column":26}},"16":{"start":{"line":32,"column":8},"end":{"line":32,"column":22}},"17":{"start":{"line":33,"column":8},"end":{"line":35,"column":11}},"18":{"start":{"line":34,"column":12},"end":{"line":34,"column":60}},"19":{"start":{"line":36,"column":8},"end":{"line":36,"column":63}},"20":{"start":{"line":40,"column":0},"end":{"line":43,"column":2}},"21":{"start":{"line":46,"column":0},"end":{"line":46,"column":22}},"22":{"start":{"line":47,"column":0},"end":{"line":49,"column":1}},"23":{"start":{"line":48,"column":4},"end":{"line":48,"column":37}},"24":{"start":{"line":52,"column":0},"end":{"line":52,"column":24}},"25":{"start":{"line":54,"column":0},"end":{"line":56,"column":2}},"26":{"start":{"line":55,"column":4},"end":{"line":55,"column":34}},"27":{"start":{"line":58,"column":0},"end":{"line":60,"column":2}},"28":{"start":{"line":59,"column":4},"end":{"line":59,"column":37}},"29":{"start":{"line":62,"column":0},"end":{"line":64,"column":2}},"30":{"start":{"line":63,"column":4},"end":{"line":63,"column":56}},"31":{"start":{"line":66,"column":0},"end":{"line":76,"column":2}},"32":{"start":{"line":67,"column":4},"end":{"line":67,"column":79}},"33":{"start":{"line":68,"column":4},"end":{"line":68,"column":54}},"34":{"start":{"line":69,"column":4},"end":{"line":69,"column":84}},"35":{"start":{"line":70,"column":4},"end":{"line":70,"column":65}},"36":{"start":{"line":72,"column":4},"end":{"line":75,"column":6}},"37":{"start":{"line":83,"column":0},"end":{"line":89,"column":2}},"38":{"start":{"line":84,"column":4},"end":{"line":84,"column":38}},"39":{"start":{"line":85,"column":4},"end":{"line":87,"column":5}},"40":{"start":{"line":86,"column":8},"end":{"line":86,"column":40}},"41":{"start":{"line":88,"column":4},"end":{"line":88,"column":28}},"42":{"start":{"line":92,"column":0},"end":{"line":98,"column":2}},"43":{"start":{"line":93,"column":4},"end":{"line":93,"column":38}},"44":{"start":{"line":94,"column":4},"end":{"line":96,"column":5}},"45":{"start":{"line":95,"column":8},"end":{"line":95,"column":31}},"46":{"start":{"line":97,"column":4},"end":{"line":97,"column":28}},"47":{"start":{"line":100,"column":0},"end":{"line":117,"column":2}},"48":{"start":{"line":101,"column":4},"end":{"line":116,"column":5}},"49":{"start":{"line":102,"column":8},"end":{"line":102,"column":45}},"50":{"start":{"line":103,"column":8},"end":{"line":108,"column":9}},"51":{"start":{"line":105,"column":12},"end":{"line":107,"column":15}},"52":{"start":{"line":106,"column":16},"end":{"line":106,"column":47}},"53":{"start":{"line":109,"column":8},"end":{"line":111,"column":9}},"54":{"start":{"line":110,"column":12},"end":{"line":110,"column":60}},"55":{"start":{"line":113,"column":8},"end":{"line":113,"column":58}},"56":{"start":{"line":114,"column":8},"end":{"line":114,"column":29}},"57":{"start":{"line":115,"column":8},"end":{"line":115,"column":29}},"58":{"start":{"line":119,"column":0},"end":{"line":140,"column":2}},"59":{"start":{"line":120,"column":4},"end":{"line":139,"column":5}},"60":{"start":{"line":121,"column":8},"end":{"line":121,"column":45}},"61":{"start":{"line":122,"column":8},"end":{"line":127,"column":9}},"62":{"start":{"line":124,"column":12},"end":{"line":126,"column":15}},"63":{"start":{"line":125,"column":16},"end":{"line":125,"column":47}},"64":{"start":{"line":128,"column":8},"end":{"line":130,"column":9}},"65":{"start":{"line":129,"column":12},"end":{"line":129,"column":60}},"66":{"start":{"line":132,"column":8},"end":{"line":134,"column":9}},"67":{"start":{"line":133,"column":12},"end":{"line":133,"column":66}},"68":{"start":{"line":136,"column":8},"end":{"line":136,"column":58}},"69":{"start":{"line":137,"column":8},"end":{"line":137,"column":29}},"70":{"start":{"line":138,"column":8},"end":{"line":138,"column":29}},"71":{"start":{"line":147,"column":0},"end":{"line":149,"column":2}},"72":{"start":{"line":148,"column":4},"end":{"line":148,"column":75}},"73":{"start":{"line":151,"column":0},"end":{"line":154,"column":2}},"74":{"start":{"line":152,"column":4},"end":{"line":152,"column":52}},"75":{"start":{"line":153,"column":4},"end":{"line":153,"column":251}},"76":{"start":{"line":159,"column":0},"end":{"line":168,"column":2}},"77":{"start":{"line":160,"column":4},"end":{"line":167,"column":7}},"78":{"start":{"line":161,"column":8},"end":{"line":161,"column":135}},"79":{"start":{"line":162,"column":8},"end":{"line":166,"column":11}},"80":{"start":{"line":163,"column":12},"end":{"line":165,"column":13}},"81":{"start":{"line":164,"column":16},"end":{"line":164,"column":90}},"82":{"start":{"line":174,"column":0},"end":{"line":174,"column":24}},"83":{"start":{"line":176,"column":0},"end":{"line":178,"column":2}},"84":{"start":{"line":177,"column":4},"end":{"line":177,"column":35}},"85":{"start":{"line":180,"column":0},"end":{"line":196,"column":2}},"86":{"start":{"line":182,"column":4},"end":{"line":182,"column":38}},"87":{"start":{"line":183,"column":4},"end":{"line":183,"column":105}},"88":{"start":{"line":185,"column":4},"end":{"line":185,"column":46}},"89":{"start":{"line":188,"column":4},"end":{"line":193,"column":7}},"90":{"start":{"line":189,"column":8},"end":{"line":192,"column":9}},"91":{"start":{"line":190,"column":12},"end":{"line":190,"column":57}},"92":{"start":{"line":191,"column":12},"end":{"line":191,"column":39}},"93":{"start":{"line":195,"column":4},"end":{"line":195,"column":21}},"94":{"start":{"line":198,"column":0},"end":{"line":219,"column":2}}},"branchMap":{"1":{"line":36,"type":"cond-expr","locations":[{"start":{"line":36,"column":31},"end":{"line":36,"column":53}},{"start":{"line":36,"column":57},"end":{"line":36,"column":61}}]},"2":{"line":85,"type":"if","locations":[{"start":{"line":85,"column":4},"end":{"line":85,"column":4}},{"start":{"line":85,"column":4},"end":{"line":85,"column":4}}]},"3":{"line":85,"type":"binary-expr","locations":[{"start":{"line":85,"column":8},"end":{"line":85,"column":23}},{"start":{"line":85,"column":27},"end":{"line":85,"column":61}}]},"4":{"line":94,"type":"if","locations":[{"start":{"line":94,"column":4},"end":{"line":94,"column":4}},{"start":{"line":94,"column":4},"end":{"line":94,"column":4}}]},"5":{"line":94,"type":"binary-expr","locations":[{"start":{"line":94,"column":8},"end":{"line":94,"column":23}},{"start":{"line":94,"column":27},"end":{"line":94,"column":61}}]},"6":{"line":101,"type":"if","locations":[{"start":{"line":101,"column":4},"end":{"line":101,"column":4}},{"start":{"line":101,"column":4},"end":{"line":101,"column":4}}]},"7":{"line":103,"type":"if","locations":[{"start":{"line":103,"column":8},"end":{"line":103,"column":8}},{"start":{"line":103,"column":8},"end":{"line":103,"column":8}}]},"8":{"line":109,"type":"if","locations":[{"start":{"line":109,"column":8},"end":{"line":109,"column":8}},{"start":{"line":109,"column":8},"end":{"line":109,"column":8}}]},"9":{"line":109,"type":"binary-expr","locations":[{"start":{"line":109,"column":12},"end":{"line":109,"column":39}},{"start":{"line":109,"column":43},"end":{"line":109,"column":59}}]},"10":{"line":110,"type":"cond-expr","locations":[{"start":{"line":110,"column":44},"end":{"line":110,"column":52}},{"start":{"line":110,"column":55},"end":{"line":110,"column":58}}]},"11":{"line":110,"type":"binary-expr","locations":[{"start":{"line":110,"column":26},"end":{"line":110,"column":29}},{"start":{"line":110,"column":33},"end":{"line":110,"column":41}}]},"12":{"line":120,"type":"if","locations":[{"start":{"line":120,"column":4},"end":{"line":120,"column":4}},{"start":{"line":120,"column":4},"end":{"line":120,"column":4}}]},"13":{"line":122,"type":"if","locations":[{"start":{"line":122,"column":8},"end":{"line":122,"column":8}},{"start":{"line":122,"column":8},"end":{"line":122,"column":8}}]},"14":{"line":128,"type":"if","locations":[{"start":{"line":128,"column":8},"end":{"line":128,"column":8}},{"start":{"line":128,"column":8},"end":{"line":128,"column":8}}]},"15":{"line":128,"type":"binary-expr","locations":[{"start":{"line":128,"column":12},"end":{"line":128,"column":39}},{"start":{"line":128,"column":43},"end":{"line":128,"column":59}}]},"16":{"line":129,"type":"cond-expr","locations":[{"start":{"line":129,"column":44},"end":{"line":129,"column":52}},{"start":{"line":129,"column":55},"end":{"line":129,"column":58}}]},"17":{"line":129,"type":"binary-expr","locations":[{"start":{"line":129,"column":26},"end":{"line":129,"column":29}},{"start":{"line":129,"column":33},"end":{"line":129,"column":41}}]},"18":{"line":132,"type":"if","locations":[{"start":{"line":132,"column":8},"end":{"line":132,"column":8}},{"start":{"line":132,"column":8},"end":{"line":132,"column":8}}]},"19":{"line":152,"type":"cond-expr","locations":[{"start":{"line":152,"column":42},"end":{"line":152,"column":44}},{"start":{"line":152,"column":47},"end":{"line":152,"column":50}}]},"20":{"line":161,"type":"cond-expr","locations":[{"start":{"line":161,"column":55},"end":{"line":161,"column":88}},{"start":{"line":161,"column":91},"end":{"line":161,"column":134}}]},"21":{"line":163,"type":"if","locations":[{"start":{"line":163,"column":12},"end":{"line":163,"column":12}},{"start":{"line":163,"column":12},"end":{"line":163,"column":12}}]},"22":{"line":164,"type":"cond-expr","locations":[{"start":{"line":164,"column":56},"end":{"line":164,"column":66}},{"start":{"line":164,"column":69},"end":{"line":164,"column":89}}]},"23":{"line":182,"type":"binary-expr","locations":[{"start":{"line":182,"column":14},"end":{"line":182,"column":21}},{"start":{"line":182,"column":25},"end":{"line":182,"column":37}}]},"24":{"line":183,"type":"cond-expr","locations":[{"start":{"line":183,"column":87},"end":{"line":183,"column":99}},{"start":{"line":183,"column":102},"end":{"line":183,"column":104}}]},"25":{"line":189,"type":"if","locations":[{"start":{"line":189,"column":8},"end":{"line":189,"column":8}},{"start":{"line":189,"column":8},"end":{"line":189,"column":8}}]},"26":{"line":189,"type":"binary-expr","locations":[{"start":{"line":189,"column":12},"end":{"line":189,"column":36}},{"start":{"line":189,"column":40},"end":{"line":189,"column":77}}]}}},"/Users/augustopissarra/dev/boaoferta/dev/security/domains/helpers/modules/crudinterface.js":{"path":"/Users/augustopissarra/dev/boaoferta/dev/security/domains/helpers/modules/crudinterface.js","s":{"1":1,"2":1,"3":1,"4":1,"5":1,"6":1,"7":1,"8":1,"9":1,"10":1,"11":1,"12":1,"13":7,"14":7,"15":7,"16":7,"17":7,"18":7,"19":7,"20":7,"21":7,"22":7,"23":6,"24":6,"25":6,"26":6,"27":6,"28":1,"29":7,"30":7,"31":7,"32":6,"33":6,"34":6,"35":6,"36":6,"37":1,"38":7,"39":7,"40":7,"41":6,"42":6,"43":6,"44":6,"45":6,"46":1,"47":7,"48":7,"49":7,"50":6,"51":6,"52":6,"53":6,"54":6,"55":1,"56":7,"57":7,"58":7,"59":1,"60":1,"61":1,"62":1,"63":1,"64":1,"65":1,"66":1,"67":1,"68":1,"69":1,"70":1,"71":1,"72":1,"73":1,"74":1,"75":1,"76":1,"77":1,"78":1,"79":1,"80":1,"81":1,"82":1,"83":1,"84":1,"85":1,"86":1,"87":2,"88":2,"89":2,"90":2,"91":1,"92":2,"93":2,"94":1},"b":{"1":[1,0],"2":[7,0],"3":[6,1],"4":[6,1],"5":[6,1],"6":[6,1],"7":[1,0],"8":[1,1]},"f":{"1":1,"2":7,"3":1,"4":1,"5":1,"6":1,"7":1,"8":2},"fnMap":{"1":{"name":"(anonymous_1)","line":57,"loc":{"start":{"line":57,"column":15},"end":{"line":57,"column":25}}},"2":{"name":"(anonymous_2)","line":101,"loc":{"start":{"line":101,"column":12},"end":{"line":101,"column":25}}},"3":{"name":"(anonymous_3)","line":192,"loc":{"start":{"line":192,"column":10},"end":{"line":192,"column":23}}},"4":{"name":"(anonymous_4)","line":208,"loc":{"start":{"line":208,"column":9},"end":{"line":208,"column":22}}},"5":{"name":"(anonymous_5)","line":230,"loc":{"start":{"line":230,"column":21},"end":{"line":230,"column":34}}},"6":{"name":"(anonymous_6)","line":248,"loc":{"start":{"line":248,"column":21},"end":{"line":248,"column":34}}},"7":{"name":"(anonymous_7)","line":266,"loc":{"start":{"line":266,"column":12},"end":{"line":266,"column":25}}},"8":{"name":"(anonymous_8)","line":284,"loc":{"start":{"line":284,"column":8},"end":{"line":284,"column":21}}}},"statementMap":{"1":{"start":{"line":1,"column":0},"end":{"line":1,"column":28}},"2":{"start":{"line":2,"column":0},"end":{"line":2,"column":27}},"3":{"start":{"line":3,"column":0},"end":{"line":3,"column":30}},"4":{"start":{"line":4,"column":0},"end":{"line":4,"column":33}},"5":{"start":{"line":5,"column":0},"end":{"line":5,"column":31}},"6":{"start":{"line":58,"column":8},"end":{"line":58,"column":16}},"7":{"start":{"line":59,"column":8},"end":{"line":59,"column":26}},"8":{"start":{"line":60,"column":8},"end":{"line":64,"column":11}},"9":{"start":{"line":67,"column":8},"end":{"line":67,"column":58}},"10":{"start":{"line":69,"column":8},"end":{"line":71,"column":9}},"11":{"start":{"line":70,"column":12},"end":{"line":70,"column":51}},"12":{"start":{"line":73,"column":8},"end":{"line":73,"column":25}},"13":{"start":{"line":102,"column":8},"end":{"line":102,"column":52}},"14":{"start":{"line":103,"column":8},"end":{"line":103,"column":64}},"15":{"start":{"line":105,"column":8},"end":{"line":105,"column":26}},"16":{"start":{"line":106,"column":8},"end":{"line":106,"column":33}},"17":{"start":{"line":108,"column":8},"end":{"line":108,"column":23}},"18":{"start":{"line":110,"column":8},"end":{"line":112,"column":9}},"19":{"start":{"line":111,"column":12},"end":{"line":111,"column":31}},"20":{"start":{"line":115,"column":8},"end":{"line":127,"column":11}},"21":{"start":{"line":116,"column":12},"end":{"line":116,"column":47}},"22":{"start":{"line":117,"column":12},"end":{"line":126,"column":13}},"23":{"start":{"line":118,"column":16},"end":{"line":118,"column":53}},"24":{"start":{"line":119,"column":16},"end":{"line":123,"column":19}},"25":{"start":{"line":120,"column":20},"end":{"line":120,"column":39}},"26":{"start":{"line":121,"column":20},"end":{"line":121,"column":56}},"27":{"start":{"line":122,"column":20},"end":{"line":122,"column":30}},"28":{"start":{"line":125,"column":16},"end":{"line":125,"column":23}},"29":{"start":{"line":130,"column":8},"end":{"line":142,"column":11}},"30":{"start":{"line":131,"column":12},"end":{"line":131,"column":45}},"31":{"start":{"line":132,"column":12},"end":{"line":141,"column":13}},"32":{"start":{"line":133,"column":16},"end":{"line":133,"column":53}},"33":{"start":{"line":134,"column":16},"end":{"line":138,"column":19}},"34":{"start":{"line":135,"column":20},"end":{"line":135,"column":39}},"35":{"start":{"line":136,"column":20},"end":{"line":136,"column":56}},"36":{"start":{"line":137,"column":20},"end":{"line":137,"column":30}},"37":{"start":{"line":140,"column":16},"end":{"line":140,"column":23}},"38":{"start":{"line":145,"column":8},"end":{"line":157,"column":11}},"39":{"start":{"line":146,"column":12},"end":{"line":146,"column":46}},"40":{"start":{"line":147,"column":12},"end":{"line":156,"column":13}},"41":{"start":{"line":148,"column":16},"end":{"line":148,"column":53}},"42":{"start":{"line":149,"column":16},"end":{"line":153,"column":19}},"43":{"start":{"line":150,"column":20},"end":{"line":150,"column":39}},"44":{"start":{"line":151,"column":20},"end":{"line":151,"column":56}},"45":{"start":{"line":152,"column":20},"end":{"line":152,"column":30}},"46":{"start":{"line":155,"column":16},"end":{"line":155,"column":23}},"47":{"start":{"line":160,"column":8},"end":{"line":172,"column":11}},"48":{"start":{"line":161,"column":12},"end":{"line":161,"column":44}},"49":{"start":{"line":162,"column":12},"end":{"line":171,"column":13}},"50":{"start":{"line":163,"column":16},"end":{"line":163,"column":53}},"51":{"start":{"line":164,"column":16},"end":{"line":168,"column":19}},"52":{"start":{"line":165,"column":20},"end":{"line":165,"column":39}},"53":{"start":{"line":166,"column":20},"end":{"line":166,"column":56}},"54":{"start":{"line":167,"column":20},"end":{"line":167,"column":30}},"55":{"start":{"line":170,"column":16},"end":{"line":170,"column":23}},"56":{"start":{"line":174,"column":8},"end":{"line":177,"column":11}},"57":{"start":{"line":175,"column":12},"end":{"line":175,"column":43}},"58":{"start":{"line":176,"column":12},"end":{"line":176,"column":36}},"59":{"start":{"line":193,"column":8},"end":{"line":193,"column":52}},"60":{"start":{"line":194,"column":8},"end":{"line":194,"column":57}},"61":{"start":{"line":196,"column":8},"end":{"line":196,"column":26}},"62":{"start":{"line":197,"column":8},"end":{"line":197,"column":31}},"63":{"start":{"line":198,"column":8},"end":{"line":198,"column":34}},"64":{"start":{"line":209,"column":8},"end":{"line":209,"column":26}},"65":{"start":{"line":211,"column":8},"end":{"line":214,"column":9}},"66":{"start":{"line":212,"column":12},"end":{"line":212,"column":24}},"67":{"start":{"line":213,"column":12},"end":{"line":213,"column":24}},"68":{"start":{"line":216,"column":8},"end":{"line":216,"column":52}},"69":{"start":{"line":218,"column":8},"end":{"line":218,"column":30}},"70":{"start":{"line":219,"column":8},"end":{"line":219,"column":34}},"71":{"start":{"line":231,"column":8},"end":{"line":231,"column":52}},"72":{"start":{"line":232,"column":8},"end":{"line":232,"column":55}},"73":{"start":{"line":234,"column":8},"end":{"line":234,"column":26}},"74":{"start":{"line":235,"column":8},"end":{"line":235,"column":42}},"75":{"start":{"line":236,"column":8},"end":{"line":236,"column":34}},"76":{"start":{"line":249,"column":8},"end":{"line":249,"column":52}},"77":{"start":{"line":250,"column":8},"end":{"line":250,"column":55}},"78":{"start":{"line":251,"column":8},"end":{"line":251,"column":60}},"79":{"start":{"line":253,"column":8},"end":{"line":253,"column":26}},"80":{"start":{"line":254,"column":8},"end":{"line":254,"column":42}},"81":{"start":{"line":255,"column":8},"end":{"line":255,"column":34}},"82":{"start":{"line":267,"column":8},"end":{"line":267,"column":52}},"83":{"start":{"line":268,"column":8},"end":{"line":268,"column":55}},"84":{"start":{"line":270,"column":8},"end":{"line":270,"column":26}},"85":{"start":{"line":271,"column":8},"end":{"line":271,"column":33}},"86":{"start":{"line":272,"column":8},"end":{"line":272,"column":34}},"87":{"start":{"line":285,"column":8},"end":{"line":285,"column":52}},"88":{"start":{"line":287,"column":8},"end":{"line":287,"column":26}},"89":{"start":{"line":288,"column":8},"end":{"line":288,"column":29}},"90":{"start":{"line":290,"column":8},"end":{"line":292,"column":9}},"91":{"start":{"line":291,"column":12},"end":{"line":291,"column":30}},"92":{"start":{"line":294,"column":8},"end":{"line":294,"column":68}},"93":{"start":{"line":296,"column":8},"end":{"line":296,"column":34}},"94":{"start":{"line":300,"column":0},"end":{"line":300,"column":31}}},"branchMap":{"1":{"line":69,"type":"if","locations":[{"start":{"line":69,"column":8},"end":{"line":69,"column":8}},{"start":{"line":69,"column":8},"end":{"line":69,"column":8}}]},"2":{"line":110,"type":"if","locations":[{"start":{"line":110,"column":8},"end":{"line":110,"column":8}},{"start":{"line":110,"column":8},"end":{"line":110,"column":8}}]},"3":{"line":117,"type":"if","locations":[{"start":{"line":117,"column":12},"end":{"line":117,"column":12}},{"start":{"line":117,"column":12},"end":{"line":117,"column":12}}]},"4":{"line":132,"type":"if","locations":[{"start":{"line":132,"column":12},"end":{"line":132,"column":12}},{"start":{"line":132,"column":12},"end":{"line":132,"column":12}}]},"5":{"line":147,"type":"if","locations":[{"start":{"line":147,"column":12},"end":{"line":147,"column":12}},{"start":{"line":147,"column":12},"end":{"line":147,"column":12}}]},"6":{"line":162,"type":"if","locations":[{"start":{"line":162,"column":12},"end":{"line":162,"column":12}},{"start":{"line":162,"column":12},"end":{"line":162,"column":12}}]},"7":{"line":211,"type":"if","locations":[{"start":{"line":211,"column":8},"end":{"line":211,"column":8}},{"start":{"line":211,"column":8},"end":{"line":211,"column":8}}]},"8":{"line":290,"type":"if","locations":[{"start":{"line":290,"column":8},"end":{"line":290,"column":8}},{"start":{"line":290,"column":8},"end":{"line":290,"column":8}}]}}},"/Users/augustopissarra/dev/boaoferta/dev/security/domains/helpers/modules/model.js":{"path":"/Users/augustopissarra/dev/boaoferta/dev/security/domains/helpers/modules/model.js","s":{"1":1,"2":1,"3":1,"4":1,"5":4,"6":40,"7":40,"8":40,"9":270,"10":270,"11":270,"12":40,"13":40,"14":40,"15":0,"16":0,"17":0,"18":0,"19":0,"20":0,"21":0,"22":0,"23":0,"24":0,"25":0,"26":0,"27":0,"28":0,"29":0,"30":0,"31":0,"32":0,"33":0,"34":0,"35":0,"36":0,"37":0,"38":0,"39":0,"40":0,"41":0,"42":0,"43":0,"44":0,"45":0,"46":0,"47":0,"48":0,"49":0,"50":0,"51":0,"52":0,"53":0,"54":0,"55":0,"56":0,"57":0,"58":0,"59":0,"60":0,"61":0,"62":0,"63":0,"64":0,"65":0,"66":0,"67":0,"68":0,"69":0,"70":0,"71":0,"72":0,"73":0,"74":0,"75":0,"76":0,"77":0,"78":0,"79":0,"80":0,"81":0,"82":0,"83":0,"84":0,"85":0,"86":0,"87":0,"88":0,"89":0,"90":0,"91":0,"92":0,"93":0,"94":0,"95":0,"96":0,"97":0,"98":0,"99":0,"100":0,"101":0,"102":0,"103":0,"104":0,"105":0,"106":0,"107":0,"108":0,"109":0,"110":0,"111":0,"112":0,"113":0,"114":0,"115":0,"116":1},"b":{"1":[270,0],"2":[40,0],"3":[0,0],"4":[0,0],"5":[0,0],"6":[0,0],"7":[0,0],"8":[0,0],"9":[0,0],"10":[0,0],"11":[0,0],"12":[0,0],"13":[0,0]},"f":{"1":4,"2":40,"3":270,"4":40,"5":0,"6":0,"7":0,"8":0,"9":0,"10":0,"11":0,"12":0,"13":0,"14":0},"fnMap":{"1":{"name":"(anonymous_1)","line":15,"loc":{"start":{"line":15,"column":15},"end":{"line":15,"column":18}}},"2":{"name":"(anonymous_2)","line":22,"loc":{"start":{"line":22,"column":15},"end":{"line":22,"column":18}}},"3":{"name":"(anonymous_3)","line":33,"loc":{"start":{"line":33,"column":13},"end":{"line":33,"column":20}}},"4":{"name":"(anonymous_4)","line":45,"loc":{"start":{"line":45,"column":12},"end":{"line":45,"column":19}}},"5":{"name":"(anonymous_5)","line":59,"loc":{"start":{"line":59,"column":13},"end":{"line":59,"column":20}}},"6":{"name":"(anonymous_6)","line":90,"loc":{"start":{"line":90,"column":12},"end":{"line":90,"column":25}}},"7":{"name":"(anonymous_7)","line":174,"loc":{"start":{"line":174,"column":17},"end":{"line":174,"column":30}}},"8":{"name":"(anonymous_8)","line":197,"loc":{"start":{"line":197,"column":10},"end":{"line":197,"column":23}}},"9":{"name":"(anonymous_9)","line":213,"loc":{"start":{"line":213,"column":9},"end":{"line":213,"column":22}}},"10":{"name":"(anonymous_10)","line":235,"loc":{"start":{"line":235,"column":21},"end":{"line":235,"column":34}}},"11":{"name":"(anonymous_11)","line":253,"loc":{"start":{"line":253,"column":21},"end":{"line":253,"column":34}}},"12":{"name":"(anonymous_12)","line":271,"loc":{"start":{"line":271,"column":12},"end":{"line":271,"column":25}}},"13":{"name":"(anonymous_13)","line":291,"loc":{"start":{"line":291,"column":8},"end":{"line":291,"column":21}}},"14":{"name":"(anonymous_14)","line":315,"loc":{"start":{"line":315,"column":12},"end":{"line":315,"column":25}}}},"statementMap":{"1":{"start":{"line":1,"column":0},"end":{"line":1,"column":28}},"2":{"start":{"line":2,"column":0},"end":{"line":2,"column":30}},"3":{"start":{"line":3,"column":0},"end":{"line":3,"column":27}},"4":{"start":{"line":4,"column":0},"end":{"line":4,"column":31}},"5":{"start":{"line":16,"column":8},"end":{"line":16,"column":31}},"6":{"start":{"line":23,"column":8},"end":{"line":23,"column":26}},"7":{"start":{"line":24,"column":8},"end":{"line":24,"column":38}},"8":{"start":{"line":25,"column":8},"end":{"line":25,"column":26}},"9":{"start":{"line":34,"column":8},"end":{"line":34,"column":26}},"10":{"start":{"line":35,"column":8},"end":{"line":37,"column":9}},"11":{"start":{"line":36,"column":12},"end":{"line":36,"column":34}},"12":{"start":{"line":46,"column":8},"end":{"line":46,"column":26}},"13":{"start":{"line":47,"column":8},"end":{"line":49,"column":9}},"14":{"start":{"line":48,"column":12},"end":{"line":48,"column":33}},"15":{"start":{"line":60,"column":8},"end":{"line":60,"column":26}},"16":{"start":{"line":61,"column":8},"end":{"line":63,"column":9}},"17":{"start":{"line":62,"column":12},"end":{"line":62,"column":24}},"18":{"start":{"line":65,"column":8},"end":{"line":68,"column":9}},"19":{"start":{"line":66,"column":12},"end":{"line":66,"column":93}},"20":{"start":{"line":67,"column":12},"end":{"line":67,"column":54}},"21":{"start":{"line":69,"column":8},"end":{"line":69,"column":40}},"22":{"start":{"line":91,"column":8},"end":{"line":91,"column":52}},"23":{"start":{"line":92,"column":8},"end":{"line":92,"column":64}},"24":{"start":{"line":94,"column":8},"end":{"line":94,"column":26}},"25":{"start":{"line":95,"column":8},"end":{"line":95,"column":33}},"26":{"start":{"line":97,"column":8},"end":{"line":97,"column":92}},"27":{"start":{"line":99,"column":8},"end":{"line":99,"column":23}},"28":{"start":{"line":101,"column":8},"end":{"line":103,"column":9}},"29":{"start":{"line":102,"column":12},"end":{"line":102,"column":31}},"30":{"start":{"line":106,"column":8},"end":{"line":118,"column":11}},"31":{"start":{"line":107,"column":12},"end":{"line":107,"column":47}},"32":{"start":{"line":108,"column":12},"end":{"line":117,"column":13}},"33":{"start":{"line":109,"column":16},"end":{"line":109,"column":53}},"34":{"start":{"line":110,"column":16},"end":{"line":114,"column":19}},"35":{"start":{"line":111,"column":20},"end":{"line":111,"column":39}},"36":{"start":{"line":112,"column":20},"end":{"line":112,"column":56}},"37":{"start":{"line":113,"column":20},"end":{"line":113,"column":30}},"38":{"start":{"line":116,"column":16},"end":{"line":116,"column":23}},"39":{"start":{"line":121,"column":8},"end":{"line":133,"column":11}},"40":{"start":{"line":122,"column":12},"end":{"line":122,"column":45}},"41":{"start":{"line":123,"column":12},"end":{"line":132,"column":13}},"42":{"start":{"line":124,"column":16},"end":{"line":124,"column":53}},"43":{"start":{"line":125,"column":16},"end":{"line":129,"column":19}},"44":{"start":{"line":126,"column":20},"end":{"line":126,"column":39}},"45":{"start":{"line":127,"column":20},"end":{"line":127,"column":56}},"46":{"start":{"line":128,"column":20},"end":{"line":128,"column":30}},"47":{"start":{"line":131,"column":16},"end":{"line":131,"column":23}},"48":{"start":{"line":136,"column":8},"end":{"line":144,"column":11}},"49":{"start":{"line":137,"column":12},"end":{"line":137,"column":40}},"50":{"start":{"line":138,"column":12},"end":{"line":138,"column":49}},"51":{"start":{"line":139,"column":12},"end":{"line":143,"column":15}},"52":{"start":{"line":140,"column":16},"end":{"line":140,"column":35}},"53":{"start":{"line":141,"column":16},"end":{"line":141,"column":52}},"54":{"start":{"line":142,"column":16},"end":{"line":142,"column":26}},"55":{"start":{"line":147,"column":8},"end":{"line":159,"column":11}},"56":{"start":{"line":148,"column":12},"end":{"line":148,"column":44}},"57":{"start":{"line":149,"column":12},"end":{"line":158,"column":13}},"58":{"start":{"line":150,"column":16},"end":{"line":150,"column":53}},"59":{"start":{"line":151,"column":16},"end":{"line":155,"column":19}},"60":{"start":{"line":152,"column":20},"end":{"line":152,"column":39}},"61":{"start":{"line":153,"column":20},"end":{"line":153,"column":56}},"62":{"start":{"line":154,"column":20},"end":{"line":154,"column":30}},"63":{"start":{"line":157,"column":16},"end":{"line":157,"column":23}},"64":{"start":{"line":161,"column":8},"end":{"line":164,"column":11}},"65":{"start":{"line":162,"column":12},"end":{"line":162,"column":40}},"66":{"start":{"line":163,"column":12},"end":{"line":163,"column":52}},"67":{"start":{"line":175,"column":8},"end":{"line":175,"column":26}},"68":{"start":{"line":177,"column":8},"end":{"line":180,"column":9}},"69":{"start":{"line":178,"column":12},"end":{"line":178,"column":24}},"70":{"start":{"line":179,"column":12},"end":{"line":179,"column":24}},"71":{"start":{"line":182,"column":8},"end":{"line":182,"column":52}},"72":{"start":{"line":184,"column":8},"end":{"line":184,"column":38}},"73":{"start":{"line":185,"column":8},"end":{"line":185,"column":34}},"74":{"start":{"line":198,"column":8},"end":{"line":198,"column":52}},"75":{"start":{"line":199,"column":8},"end":{"line":199,"column":105}},"76":{"start":{"line":201,"column":8},"end":{"line":201,"column":26}},"77":{"start":{"line":202,"column":8},"end":{"line":202,"column":31}},"78":{"start":{"line":203,"column":8},"end":{"line":203,"column":34}},"79":{"start":{"line":214,"column":8},"end":{"line":214,"column":26}},"80":{"start":{"line":216,"column":8},"end":{"line":219,"column":9}},"81":{"start":{"line":217,"column":12},"end":{"line":217,"column":24}},"82":{"start":{"line":218,"column":12},"end":{"line":218,"column":24}},"83":{"start":{"line":221,"column":8},"end":{"line":221,"column":52}},"84":{"start":{"line":223,"column":8},"end":{"line":223,"column":30}},"85":{"start":{"line":224,"column":8},"end":{"line":224,"column":34}},"86":{"start":{"line":236,"column":8},"end":{"line":236,"column":52}},"87":{"start":{"line":237,"column":8},"end":{"line":237,"column":104}},"88":{"start":{"line":239,"column":8},"end":{"line":239,"column":26}},"89":{"start":{"line":240,"column":8},"end":{"line":240,"column":42}},"90":{"start":{"line":241,"column":8},"end":{"line":241,"column":34}},"91":{"start":{"line":254,"column":8},"end":{"line":254,"column":52}},"92":{"start":{"line":255,"column":8},"end":{"line":255,"column":104}},"93":{"start":{"line":256,"column":8},"end":{"line":256,"column":60}},"94":{"start":{"line":258,"column":8},"end":{"line":258,"column":26}},"95":{"start":{"line":259,"column":8},"end":{"line":259,"column":42}},"96":{"start":{"line":260,"column":8},"end":{"line":260,"column":34}},"97":{"start":{"line":272,"column":8},"end":{"line":272,"column":52}},"98":{"start":{"line":273,"column":8},"end":{"line":273,"column":104}},"99":{"start":{"line":275,"column":8},"end":{"line":275,"column":26}},"100":{"start":{"line":276,"column":8},"end":{"line":276,"column":33}},"101":{"start":{"line":277,"column":8},"end":{"line":277,"column":34}},"102":{"start":{"line":292,"column":8},"end":{"line":292,"column":52}},"103":{"start":{"line":294,"column":8},"end":{"line":294,"column":26}},"104":{"start":{"line":295,"column":8},"end":{"line":295,"column":29}},"105":{"start":{"line":297,"column":8},"end":{"line":299,"column":9}},"106":{"start":{"line":298,"column":12},"end":{"line":298,"column":30}},"107":{"start":{"line":301,"column":8},"end":{"line":301,"column":68}},"108":{"start":{"line":303,"column":8},"end":{"line":303,"column":34}},"109":{"start":{"line":316,"column":8},"end":{"line":316,"column":52}},"110":{"start":{"line":318,"column":8},"end":{"line":318,"column":26}},"111":{"start":{"line":319,"column":8},"end":{"line":319,"column":33}},"112":{"start":{"line":321,"column":8},"end":{"line":323,"column":9}},"113":{"start":{"line":322,"column":12},"end":{"line":322,"column":30}},"114":{"start":{"line":325,"column":8},"end":{"line":325,"column":68}},"115":{"start":{"line":327,"column":8},"end":{"line":327,"column":34}},"116":{"start":{"line":331,"column":0},"end":{"line":331,"column":23}}},"branchMap":{"1":{"line":35,"type":"if","locations":[{"start":{"line":35,"column":8},"end":{"line":35,"column":8}},{"start":{"line":35,"column":8},"end":{"line":35,"column":8}}]},"2":{"line":47,"type":"if","locations":[{"start":{"line":47,"column":8},"end":{"line":47,"column":8}},{"start":{"line":47,"column":8},"end":{"line":47,"column":8}}]},"3":{"line":61,"type":"if","locations":[{"start":{"line":61,"column":8},"end":{"line":61,"column":8}},{"start":{"line":61,"column":8},"end":{"line":61,"column":8}}]},"4":{"line":65,"type":"if","locations":[{"start":{"line":65,"column":8},"end":{"line":65,"column":8}},{"start":{"line":65,"column":8},"end":{"line":65,"column":8}}]},"5":{"line":66,"type":"cond-expr","locations":[{"start":{"line":66,"column":61},"end":{"line":66,"column":87}},{"start":{"line":66,"column":90},"end":{"line":66,"column":92}}]},"6":{"line":101,"type":"if","locations":[{"start":{"line":101,"column":8},"end":{"line":101,"column":8}},{"start":{"line":101,"column":8},"end":{"line":101,"column":8}}]},"7":{"line":108,"type":"if","locations":[{"start":{"line":108,"column":12},"end":{"line":108,"column":12}},{"start":{"line":108,"column":12},"end":{"line":108,"column":12}}]},"8":{"line":123,"type":"if","locations":[{"start":{"line":123,"column":12},"end":{"line":123,"column":12}},{"start":{"line":123,"column":12},"end":{"line":123,"column":12}}]},"9":{"line":149,"type":"if","locations":[{"start":{"line":149,"column":12},"end":{"line":149,"column":12}},{"start":{"line":149,"column":12},"end":{"line":149,"column":12}}]},"10":{"line":177,"type":"if","locations":[{"start":{"line":177,"column":8},"end":{"line":177,"column":8}},{"start":{"line":177,"column":8},"end":{"line":177,"column":8}}]},"11":{"line":216,"type":"if","locations":[{"start":{"line":216,"column":8},"end":{"line":216,"column":8}},{"start":{"line":216,"column":8},"end":{"line":216,"column":8}}]},"12":{"line":297,"type":"if","locations":[{"start":{"line":297,"column":8},"end":{"line":297,"column":8}},{"start":{"line":297,"column":8},"end":{"line":297,"column":8}}]},"13":{"line":321,"type":"if","locations":[{"start":{"line":321,"column":8},"end":{"line":321,"column":8}},{"start":{"line":321,"column":8},"end":{"line":321,"column":8}}]}}},"/Users/augustopissarra/dev/boaoferta/dev/security/domains/helpers/modules/crudmemory.js":{"path":"/Users/augustopissarra/dev/boaoferta/dev/security/domains/helpers/modules/crudmemory.js","s":{"1":1,"2":1,"3":1,"4":1,"5":1,"6":1,"7":1,"8":1,"9":1,"10":1,"11":1,"12":1,"13":13,"14":13,"15":13,"16":13,"17":13,"18":13,"19":13,"20":13,"21":13,"22":13,"23":13,"24":8,"25":8,"26":8,"27":8,"28":8,"29":5,"30":13,"31":13,"32":13,"33":8,"34":8,"35":8,"36":8,"37":8,"38":5,"39":13,"40":13,"41":13,"42":13,"43":13,"44":13,"45":13,"46":13,"47":13,"48":13,"49":8,"50":8,"51":8,"52":8,"53":8,"54":5,"55":13,"56":13,"57":13,"58":1,"59":1,"60":1,"61":1,"62":1,"63":1,"64":1,"65":1,"66":1,"67":1,"68":1,"69":1,"70":1,"71":1,"72":1,"73":1,"74":1,"75":1,"76":1,"77":101,"78":1,"79":1,"80":1,"81":1,"82":1,"83":1,"84":1,"85":1,"86":1,"87":1,"88":101,"89":1,"90":1,"91":1,"92":1,"93":1,"94":1,"95":1,"96":1,"97":1,"98":1,"99":1,"100":1,"101":1,"102":1,"103":8,"104":8,"105":8,"106":8,"107":2,"108":2,"109":6,"110":6,"111":3,"112":3,"113":6,"114":6,"115":2,"116":2,"117":1,"118":6,"119":4,"120":4,"121":4,"122":4,"123":4,"124":6,"125":6,"126":1,"127":1,"128":1,"129":1,"130":1,"131":100,"132":100,"133":1,"134":3,"135":3,"136":1,"137":1,"138":1,"139":1,"140":1,"141":1,"142":1,"143":1,"144":1,"145":1,"146":1,"147":1,"148":1,"149":1,"150":1,"151":1,"152":1,"153":1,"154":1,"155":1,"156":1,"157":1,"158":1,"159":1,"160":1,"161":1,"162":1,"163":1,"164":8,"165":8,"166":8,"167":8,"168":1,"169":8,"170":8,"171":1},"b":{"1":[1,0],"2":[13,0],"3":[8,5],"4":[8,5],"5":[8,5],"6":[1,0],"7":[1,100],"8":[2,6],"9":[8,2,0],"10":[3,3],"11":[2,4],"12":[6,2],"13":[1,1],"14":[4,2],"15":[6,4],"16":[1,0],"17":[100,0],"18":[1,0],"19":[1,7]},"f":{"1":1,"2":13,"3":1,"4":1,"5":1,"6":1,"7":1,"8":8,"9":1,"10":3,"11":1,"12":1,"13":1,"14":1,"15":1,"16":8},"fnMap":{"1":{"name":"(anonymous_1)","line":58,"loc":{"start":{"line":58,"column":15},"end":{"line":58,"column":25}}},"2":{"name":"(anonymous_2)","line":100,"loc":{"start":{"line":100,"column":12},"end":{"line":100,"column":25}}},"3":{"name":"(anonymous_3)","line":183,"loc":{"start":{"line":183,"column":11},"end":{"line":183,"column":24}}},"4":{"name":"(anonymous_4)","line":201,"loc":{"start":{"line":201,"column":11},"end":{"line":201,"column":24}}},"5":{"name":"(anonymous_5)","line":212,"loc":{"start":{"line":212,"column":22},"end":{"line":212,"column":35}}},"6":{"name":"(anonymous_6)","line":226,"loc":{"start":{"line":226,"column":22},"end":{"line":226,"column":35}}},"7":{"name":"(anonymous_7)","line":248,"loc":{"start":{"line":248,"column":13},"end":{"line":248,"column":26}}},"8":{"name":"(anonymous_8)","line":258,"loc":{"start":{"line":258,"column":9},"end":{"line":258,"column":22}}},"9":{"name":"(anonymous_9)","line":314,"loc":{"start":{"line":314,"column":12},"end":{"line":314,"column":20}}},"10":{"name":"(anonymous_10)","line":334,"loc":{"start":{"line":334,"column":10},"end":{"line":334,"column":13}}},"11":{"name":"(anonymous_11)","line":347,"loc":{"start":{"line":347,"column":10},"end":{"line":347,"column":23}}},"12":{"name":"(anonymous_12)","line":363,"loc":{"start":{"line":363,"column":9},"end":{"line":363,"column":22}}},"13":{"name":"(anonymous_13)","line":385,"loc":{"start":{"line":385,"column":21},"end":{"line":385,"column":34}}},"14":{"name":"(anonymous_14)","line":403,"loc":{"start":{"line":403,"column":21},"end":{"line":403,"column":34}}},"15":{"name":"(anonymous_15)","line":421,"loc":{"start":{"line":421,"column":12},"end":{"line":421,"column":25}}},"16":{"name":"(anonymous_16)","line":441,"loc":{"start":{"line":441,"column":8},"end":{"line":441,"column":21}}}},"statementMap":{"1":{"start":{"line":1,"column":0},"end":{"line":1,"column":28}},"2":{"start":{"line":2,"column":0},"end":{"line":2,"column":27}},"3":{"start":{"line":3,"column":0},"end":{"line":3,"column":30}},"4":{"start":{"line":4,"column":0},"end":{"line":4,"column":33}},"5":{"start":{"line":5,"column":0},"end":{"line":5,"column":31}},"6":{"start":{"line":59,"column":8},"end":{"line":59,"column":16}},"7":{"start":{"line":60,"column":8},"end":{"line":60,"column":26}},"8":{"start":{"line":61,"column":8},"end":{"line":66,"column":11}},"9":{"start":{"line":69,"column":8},"end":{"line":69,"column":58}},"10":{"start":{"line":71,"column":8},"end":{"line":73,"column":9}},"11":{"start":{"line":72,"column":12},"end":{"line":72,"column":51}},"12":{"start":{"line":75,"column":8},"end":{"line":75,"column":25}},"13":{"start":{"line":101,"column":8},"end":{"line":101,"column":52}},"14":{"start":{"line":102,"column":8},"end":{"line":102,"column":64}},"15":{"start":{"line":104,"column":8},"end":{"line":104,"column":26}},"16":{"start":{"line":105,"column":8},"end":{"line":105,"column":33}},"17":{"start":{"line":107,"column":8},"end":{"line":107,"column":92}},"18":{"start":{"line":109,"column":8},"end":{"line":109,"column":23}},"19":{"start":{"line":111,"column":8},"end":{"line":113,"column":9}},"20":{"start":{"line":112,"column":12},"end":{"line":112,"column":31}},"21":{"start":{"line":116,"column":8},"end":{"line":128,"column":11}},"22":{"start":{"line":117,"column":12},"end":{"line":117,"column":47}},"23":{"start":{"line":118,"column":12},"end":{"line":127,"column":13}},"24":{"start":{"line":119,"column":16},"end":{"line":119,"column":53}},"25":{"start":{"line":120,"column":16},"end":{"line":124,"column":19}},"26":{"start":{"line":121,"column":20},"end":{"line":121,"column":39}},"27":{"start":{"line":122,"column":20},"end":{"line":122,"column":56}},"28":{"start":{"line":123,"column":20},"end":{"line":123,"column":30}},"29":{"start":{"line":126,"column":16},"end":{"line":126,"column":23}},"30":{"start":{"line":131,"column":8},"end":{"line":143,"column":11}},"31":{"start":{"line":132,"column":12},"end":{"line":132,"column":45}},"32":{"start":{"line":133,"column":12},"end":{"line":142,"column":13}},"33":{"start":{"line":134,"column":16},"end":{"line":134,"column":53}},"34":{"start":{"line":135,"column":16},"end":{"line":139,"column":19}},"35":{"start":{"line":136,"column":20},"end":{"line":136,"column":39}},"36":{"start":{"line":137,"column":20},"end":{"line":137,"column":56}},"37":{"start":{"line":138,"column":20},"end":{"line":138,"column":30}},"38":{"start":{"line":141,"column":16},"end":{"line":141,"column":23}},"39":{"start":{"line":146,"column":8},"end":{"line":154,"column":11}},"40":{"start":{"line":147,"column":12},"end":{"line":147,"column":40}},"41":{"start":{"line":148,"column":12},"end":{"line":148,"column":49}},"42":{"start":{"line":149,"column":12},"end":{"line":153,"column":15}},"43":{"start":{"line":150,"column":16},"end":{"line":150,"column":35}},"44":{"start":{"line":151,"column":16},"end":{"line":151,"column":52}},"45":{"start":{"line":152,"column":16},"end":{"line":152,"column":26}},"46":{"start":{"line":157,"column":8},"end":{"line":169,"column":11}},"47":{"start":{"line":158,"column":12},"end":{"line":158,"column":44}},"48":{"start":{"line":159,"column":12},"end":{"line":168,"column":13}},"49":{"start":{"line":160,"column":16},"end":{"line":160,"column":53}},"50":{"start":{"line":161,"column":16},"end":{"line":165,"column":19}},"51":{"start":{"line":162,"column":20},"end":{"line":162,"column":39}},"52":{"start":{"line":163,"column":20},"end":{"line":163,"column":56}},"53":{"start":{"line":164,"column":20},"end":{"line":164,"column":30}},"54":{"start":{"line":167,"column":16},"end":{"line":167,"column":23}},"55":{"start":{"line":171,"column":8},"end":{"line":174,"column":11}},"56":{"start":{"line":172,"column":12},"end":{"line":172,"column":40}},"57":{"start":{"line":173,"column":12},"end":{"line":173,"column":36}},"58":{"start":{"line":184,"column":8},"end":{"line":184,"column":26}},"59":{"start":{"line":185,"column":8},"end":{"line":185,"column":37}},"60":{"start":{"line":186,"column":8},"end":{"line":186,"column":33}},"61":{"start":{"line":187,"column":8},"end":{"line":187,"column":31}},"62":{"start":{"line":189,"column":8},"end":{"line":189,"column":39}},"63":{"start":{"line":190,"column":8},"end":{"line":190,"column":34}},"64":{"start":{"line":191,"column":8},"end":{"line":191,"column":30}},"65":{"start":{"line":192,"column":8},"end":{"line":192,"column":25}},"66":{"start":{"line":202,"column":8},"end":{"line":202,"column":26}},"67":{"start":{"line":203,"column":8},"end":{"line":203,"column":55}},"68":{"start":{"line":204,"column":8},"end":{"line":204,"column":25}},"69":{"start":{"line":213,"column":8},"end":{"line":213,"column":26}},"70":{"start":{"line":214,"column":8},"end":{"line":214,"column":37}},"71":{"start":{"line":215,"column":8},"end":{"line":215,"column":33}},"72":{"start":{"line":216,"column":8},"end":{"line":216,"column":29}},"73":{"start":{"line":217,"column":8},"end":{"line":217,"column":82}},"74":{"start":{"line":217,"column":52},"end":{"line":217,"column":78}},"75":{"start":{"line":218,"column":8},"end":{"line":222,"column":9}},"76":{"start":{"line":219,"column":12},"end":{"line":221,"column":15}},"77":{"start":{"line":220,"column":16},"end":{"line":220,"column":42}},"78":{"start":{"line":223,"column":8},"end":{"line":223,"column":31}},"79":{"start":{"line":224,"column":8},"end":{"line":224,"column":25}},"80":{"start":{"line":227,"column":8},"end":{"line":227,"column":26}},"81":{"start":{"line":228,"column":8},"end":{"line":228,"column":37}},"82":{"start":{"line":229,"column":8},"end":{"line":229,"column":33}},"83":{"start":{"line":230,"column":8},"end":{"line":230,"column":29}},"84":{"start":{"line":231,"column":8},"end":{"line":231,"column":39}},"85":{"start":{"line":232,"column":8},"end":{"line":232,"column":18}},"86":{"start":{"line":233,"column":8},"end":{"line":233,"column":23}},"87":{"start":{"line":235,"column":8},"end":{"line":241,"column":11}},"88":{"start":{"line":236,"column":12},"end":{"line":240,"column":13}},"89":{"start":{"line":237,"column":16},"end":{"line":237,"column":53}},"90":{"start":{"line":238,"column":16},"end":{"line":238,"column":29}},"91":{"start":{"line":239,"column":16},"end":{"line":239,"column":35}},"92":{"start":{"line":243,"column":8},"end":{"line":243,"column":49}},"93":{"start":{"line":245,"column":8},"end":{"line":245,"column":31}},"94":{"start":{"line":246,"column":8},"end":{"line":246,"column":25}},"95":{"start":{"line":249,"column":8},"end":{"line":249,"column":26}},"96":{"start":{"line":250,"column":8},"end":{"line":250,"column":37}},"97":{"start":{"line":251,"column":8},"end":{"line":251,"column":33}},"98":{"start":{"line":252,"column":8},"end":{"line":252,"column":29}},"99":{"start":{"line":253,"column":8},"end":{"line":253,"column":82}},"100":{"start":{"line":253,"column":52},"end":{"line":253,"column":78}},"101":{"start":{"line":255,"column":8},"end":{"line":255,"column":31}},"102":{"start":{"line":256,"column":8},"end":{"line":256,"column":25}},"103":{"start":{"line":259,"column":8},"end":{"line":259,"column":26}},"104":{"start":{"line":260,"column":8},"end":{"line":260,"column":35}},"105":{"start":{"line":262,"column":8},"end":{"line":262,"column":52}},"106":{"start":{"line":264,"column":8},"end":{"line":303,"column":9}},"107":{"start":{"line":265,"column":12},"end":{"line":268,"column":14}},"108":{"start":{"line":269,"column":12},"end":{"line":269,"column":29}},"109":{"start":{"line":271,"column":12},"end":{"line":271,"column":36}},"110":{"start":{"line":272,"column":12},"end":{"line":276,"column":13}},"111":{"start":{"line":273,"column":16},"end":{"line":273,"column":73}},"112":{"start":{"line":275,"column":16},"end":{"line":275,"column":36}},"113":{"start":{"line":278,"column":12},"end":{"line":278,"column":44}},"114":{"start":{"line":280,"column":12},"end":{"line":286,"column":13}},"115":{"start":{"line":281,"column":16},"end":{"line":281,"column":54}},"116":{"start":{"line":283,"column":16},"end":{"line":285,"column":17}},"117":{"start":{"line":284,"column":20},"end":{"line":284,"column":37}},"118":{"start":{"line":288,"column":12},"end":{"line":296,"column":13}},"119":{"start":{"line":289,"column":16},"end":{"line":289,"column":54}},"120":{"start":{"line":290,"column":16},"end":{"line":290,"column":56}},"121":{"start":{"line":292,"column":16},"end":{"line":292,"column":52}},"122":{"start":{"line":293,"column":16},"end":{"line":293,"column":42}},"123":{"start":{"line":295,"column":16},"end":{"line":295,"column":49}},"124":{"start":{"line":298,"column":12},"end":{"line":301,"column":14}},"125":{"start":{"line":302,"column":12},"end":{"line":302,"column":29}},"126":{"start":{"line":315,"column":8},"end":{"line":315,"column":26}},"127":{"start":{"line":316,"column":8},"end":{"line":316,"column":37}},"128":{"start":{"line":317,"column":8},"end":{"line":317,"column":33}},"129":{"start":{"line":320,"column":8},"end":{"line":326,"column":9}},"130":{"start":{"line":321,"column":12},"end":{"line":325,"column":15}},"131":{"start":{"line":322,"column":16},"end":{"line":324,"column":17}},"132":{"start":{"line":323,"column":20},"end":{"line":323,"column":51}},"133":{"start":{"line":327,"column":8},"end":{"line":327,"column":28}},"134":{"start":{"line":335,"column":8},"end":{"line":335,"column":26}},"135":{"start":{"line":336,"column":8},"end":{"line":336,"column":27}},"136":{"start":{"line":348,"column":8},"end":{"line":348,"column":52}},"137":{"start":{"line":349,"column":8},"end":{"line":349,"column":57}},"138":{"start":{"line":351,"column":8},"end":{"line":351,"column":26}},"139":{"start":{"line":352,"column":8},"end":{"line":352,"column":31}},"140":{"start":{"line":353,"column":8},"end":{"line":353,"column":34}},"141":{"start":{"line":364,"column":8},"end":{"line":364,"column":26}},"142":{"start":{"line":366,"column":8},"end":{"line":369,"column":9}},"143":{"start":{"line":367,"column":12},"end":{"line":367,"column":24}},"144":{"start":{"line":368,"column":12},"end":{"line":368,"column":24}},"145":{"start":{"line":371,"column":8},"end":{"line":371,"column":52}},"146":{"start":{"line":373,"column":8},"end":{"line":373,"column":30}},"147":{"start":{"line":374,"column":8},"end":{"line":374,"column":34}},"148":{"start":{"line":386,"column":8},"end":{"line":386,"column":52}},"149":{"start":{"line":387,"column":8},"end":{"line":387,"column":55}},"150":{"start":{"line":389,"column":8},"end":{"line":389,"column":26}},"151":{"start":{"line":390,"column":8},"end":{"line":390,"column":42}},"152":{"start":{"line":391,"column":8},"end":{"line":391,"column":34}},"153":{"start":{"line":404,"column":8},"end":{"line":404,"column":52}},"154":{"start":{"line":405,"column":8},"end":{"line":405,"column":55}},"155":{"start":{"line":406,"column":8},"end":{"line":406,"column":60}},"156":{"start":{"line":408,"column":8},"end":{"line":408,"column":26}},"157":{"start":{"line":409,"column":8},"end":{"line":409,"column":42}},"158":{"start":{"line":410,"column":8},"end":{"line":410,"column":34}},"159":{"start":{"line":422,"column":8},"end":{"line":422,"column":52}},"160":{"start":{"line":423,"column":8},"end":{"line":423,"column":55}},"161":{"start":{"line":425,"column":8},"end":{"line":425,"column":26}},"162":{"start":{"line":426,"column":8},"end":{"line":426,"column":33}},"163":{"start":{"line":427,"column":8},"end":{"line":427,"column":34}},"164":{"start":{"line":442,"column":8},"end":{"line":442,"column":52}},"165":{"start":{"line":444,"column":8},"end":{"line":444,"column":26}},"166":{"start":{"line":445,"column":8},"end":{"line":445,"column":29}},"167":{"start":{"line":447,"column":8},"end":{"line":449,"column":9}},"168":{"start":{"line":448,"column":12},"end":{"line":448,"column":30}},"169":{"start":{"line":451,"column":8},"end":{"line":451,"column":68}},"170":{"start":{"line":453,"column":8},"end":{"line":453,"column":34}},"171":{"start":{"line":457,"column":0},"end":{"line":457,"column":28}}},"branchMap":{"1":{"line":71,"type":"if","locations":[{"start":{"line":71,"column":8},"end":{"line":71,"column":8}},{"start":{"line":71,"column":8},"end":{"line":71,"column":8}}]},"2":{"line":111,"type":"if","locations":[{"start":{"line":111,"column":8},"end":{"line":111,"column":8}},{"start":{"line":111,"column":8},"end":{"line":111,"column":8}}]},"3":{"line":118,"type":"if","locations":[{"start":{"line":118,"column":12},"end":{"line":118,"column":12}},{"start":{"line":118,"column":12},"end":{"line":118,"column":12}}]},"4":{"line":133,"type":"if","locations":[{"start":{"line":133,"column":12},"end":{"line":133,"column":12}},{"start":{"line":133,"column":12},"end":{"line":133,"column":12}}]},"5":{"line":159,"type":"if","locations":[{"start":{"line":159,"column":12},"end":{"line":159,"column":12}},{"start":{"line":159,"column":12},"end":{"line":159,"column":12}}]},"6":{"line":218,"type":"if","locations":[{"start":{"line":218,"column":8},"end":{"line":218,"column":8}},{"start":{"line":218,"column":8},"end":{"line":218,"column":8}}]},"7":{"line":236,"type":"if","locations":[{"start":{"line":236,"column":12},"end":{"line":236,"column":12}},{"start":{"line":236,"column":12},"end":{"line":236,"column":12}}]},"8":{"line":264,"type":"if","locations":[{"start":{"line":264,"column":8},"end":{"line":264,"column":8}},{"start":{"line":264,"column":8},"end":{"line":264,"column":8}}]},"9":{"line":264,"type":"binary-expr","locations":[{"start":{"line":264,"column":12},"end":{"line":264,"column":28}},{"start":{"line":264,"column":33},"end":{"line":264,"column":59}},{"start":{"line":264,"column":63},"end":{"line":264,"column":90}}]},"10":{"line":272,"type":"if","locations":[{"start":{"line":272,"column":12},"end":{"line":272,"column":12}},{"start":{"line":272,"column":12},"end":{"line":272,"column":12}}]},"11":{"line":280,"type":"if","locations":[{"start":{"line":280,"column":12},"end":{"line":280,"column":12}},{"start":{"line":280,"column":12},"end":{"line":280,"column":12}}]},"12":{"line":280,"type":"binary-expr","locations":[{"start":{"line":280,"column":16},"end":{"line":280,"column":28}},{"start":{"line":280,"column":32},"end":{"line":280,"column":47}}]},"13":{"line":283,"type":"if","locations":[{"start":{"line":283,"column":16},"end":{"line":283,"column":16}},{"start":{"line":283,"column":16},"end":{"line":283,"column":16}}]},"14":{"line":288,"type":"if","locations":[{"start":{"line":288,"column":12},"end":{"line":288,"column":12}},{"start":{"line":288,"column":12},"end":{"line":288,"column":12}}]},"15":{"line":288,"type":"binary-expr","locations":[{"start":{"line":288,"column":16},"end":{"line":288,"column":27}},{"start":{"line":288,"column":31},"end":{"line":288,"column":43}}]},"16":{"line":320,"type":"if","locations":[{"start":{"line":320,"column":8},"end":{"line":320,"column":8}},{"start":{"line":320,"column":8},"end":{"line":320,"column":8}}]},"17":{"line":322,"type":"if","locations":[{"start":{"line":322,"column":16},"end":{"line":322,"column":16}},{"start":{"line":322,"column":16},"end":{"line":322,"column":16}}]},"18":{"line":366,"type":"if","locations":[{"start":{"line":366,"column":8},"end":{"line":366,"column":8}},{"start":{"line":366,"column":8},"end":{"line":366,"column":8}}]},"19":{"line":447,"type":"if","locations":[{"start":{"line":447,"column":8},"end":{"line":447,"column":8}},{"start":{"line":447,"column":8},"end":{"line":447,"column":8}}]}}},"/Users/augustopissarra/dev/boaoferta/dev/security/domains/helpers/modules/crudmongo.js":{"path":"/Users/augustopissarra/dev/boaoferta/dev/security/domains/helpers/modules/crudmongo.js","s":{"1":1,"2":1,"3":1,"4":1,"5":1,"6":1,"7":1,"8":2,"9":2,"10":2,"11":2,"12":2,"13":2,"14":1,"15":2,"16":2,"17":2,"18":11,"19":11,"20":11,"21":11,"22":22,"23":22,"24":22,"25":11,"26":20,"27":20,"28":20,"29":20,"30":20,"31":20,"32":20,"33":20,"34":20,"35":20,"36":20,"37":18,"38":18,"39":18,"40":18,"41":18,"42":2,"43":20,"44":20,"45":20,"46":18,"47":18,"48":18,"49":18,"50":18,"51":2,"52":20,"53":20,"54":20,"55":20,"56":20,"57":20,"58":20,"59":20,"60":20,"61":20,"62":18,"63":18,"64":18,"65":18,"66":18,"67":2,"68":20,"69":20,"70":20,"71":2,"72":2,"73":2,"74":1,"75":1,"76":2,"77":2,"78":2,"79":2,"80":2,"81":2,"82":2,"83":2,"84":1,"85":1,"86":1,"87":1,"88":1,"89":1,"90":1,"91":1,"92":1,"93":1,"94":1,"95":1,"96":1,"97":1,"98":1,"99":1,"100":1,"101":1,"102":1,"103":1,"104":1,"105":1,"106":1,"107":1,"108":1,"109":1,"110":1,"111":1,"112":6,"113":2,"114":0,"115":2,"116":2,"117":2,"118":2,"119":2,"120":2,"121":2,"122":4,"123":4,"124":4,"125":4,"126":4,"127":1,"128":1,"129":4,"130":4,"131":4,"132":4,"133":3,"134":3,"135":1,"136":4,"137":4,"138":4,"139":4,"140":4,"141":0,"142":4,"143":4,"144":4,"145":4,"146":4,"147":4,"148":4,"149":4,"150":4,"151":4,"152":0,"153":13,"154":13,"155":13,"156":13,"157":13,"158":13,"159":13,"160":13,"161":13,"162":13,"163":13,"164":13,"165":13,"166":1,"167":12,"168":1,"169":11,"170":13,"171":6,"172":13,"173":6,"174":13,"175":0,"176":0,"177":0,"178":0,"179":0,"180":0,"181":13,"182":13,"183":0,"184":0,"185":0,"186":13,"187":8,"188":13,"189":6,"190":6,"191":6,"192":6,"193":7,"194":7,"195":3,"196":7,"197":6,"198":7,"199":7,"200":7,"201":7,"202":0,"203":7,"204":7,"205":7,"206":7,"207":7,"208":2,"209":2,"210":2,"211":1,"212":1,"213":1,"214":1,"215":1,"216":1,"217":1,"218":1,"219":1,"220":1,"221":2,"222":2,"223":2,"224":2,"225":1,"226":1,"227":1,"228":1,"229":4,"230":4,"231":2,"232":2,"233":2,"234":2,"235":2,"236":2,"237":2,"238":1,"239":1,"240":2,"241":2,"242":2,"243":1,"244":1,"245":1,"246":1,"247":1,"248":1,"249":1,"250":1,"251":1,"252":1,"253":1,"254":1,"255":1,"256":1,"257":1,"258":1,"259":13,"260":13,"261":13,"262":13,"263":1,"264":13,"265":13,"266":1},"b":{"1":[1,1],"2":[22,0],"3":[22,22],"4":[20,0],"5":[18,2],"6":[18,2],"7":[18,2],"8":[1,1],"9":[1,1],"10":[1,0],"11":[0,1],"12":[1,0],"13":[1,0],"14":[2,4],"15":[6,6,6,4],"16":[0,2],"17":[2,0],"18":[1,3],"19":[4,0],"20":[3,1],"21":[1,2],"22":[4,0],"23":[0,4],"24":[4,0],"25":[4,0],"26":[4,4,4],"27":[0,13],"28":[5,8],"29":[13,12],"30":[4,9],"31":[1,12],"32":[13,12],"33":[1,11],"34":[6,7],"35":[6,7],"36":[0,13],"37":[0,13],"38":[8,5],"39":[6,7],"40":[13,6],"41":[3,4],"42":[6,1],"43":[0,6],"44":[7,0],"45":[0,7],"46":[7,0],"47":[1,1],"48":[1,12]},"f":{"1":2,"2":11,"3":20,"4":2,"5":2,"6":1,"7":1,"8":1,"9":6,"10":13,"11":2,"12":1,"13":1,"14":2,"15":1,"16":4,"17":2,"18":2,"19":1,"20":1,"21":1,"22":13},"fnMap":{"1":{"name":"(anonymous_1)","line":55,"loc":{"start":{"line":55,"column":15},"end":{"line":55,"column":25}}},"2":{"name":"(anonymous_2)","line":86,"loc":{"start":{"line":86,"column":20},"end":{"line":86,"column":23}}},"3":{"name":"(anonymous_3)","line":117,"loc":{"start":{"line":117,"column":12},"end":{"line":117,"column":25}}},"4":{"name":"(anonymous_4)","line":201,"loc":{"start":{"line":201,"column":11},"end":{"line":201,"column":24}}},"5":{"name":"(anonymous_5)","line":223,"loc":{"start":{"line":223,"column":11},"end":{"line":223,"column":24}}},"6":{"name":"(anonymous_6)","line":239,"loc":{"start":{"line":239,"column":22},"end":{"line":239,"column":35}}},"7":{"name":"(anonymous_7)","line":259,"loc":{"start":{"line":259,"column":22},"end":{"line":259,"column":35}}},"8":{"name":"(anonymous_8)","line":281,"loc":{"start":{"line":281,"column":13},"end":{"line":281,"column":26}}},"9":{"name":"(anonymous_9)","line":304,"loc":{"start":{"line":304,"column":18},"end":{"line":304,"column":37}}},"10":{"name":"(anonymous_10)","line":385,"loc":{"start":{"line":385,"column":9},"end":{"line":385,"column":22}}},"11":{"name":"(anonymous_11)","line":504,"loc":{"start":{"line":504,"column":13},"end":{"line":504,"column":22}}},"12":{"name":"(anonymous_12)","line":514,"loc":{"start":{"line":514,"column":17},"end":{"line":514,"column":28}}},"13":{"name":"(anonymous_13)","line":527,"loc":{"start":{"line":527,"column":14},"end":{"line":527,"column":25}}},"14":{"name":"(anonymous_14)","line":539,"loc":{"start":{"line":539,"column":15},"end":{"line":539,"column":18}}},"15":{"name":"(anonymous_15)","line":550,"loc":{"start":{"line":550,"column":12},"end":{"line":550,"column":24}}},"16":{"name":"(anonymous_16)","line":562,"loc":{"start":{"line":562,"column":10},"end":{"line":562,"column":13}}},"17":{"name":"(anonymous_17)","line":575,"loc":{"start":{"line":575,"column":10},"end":{"line":575,"column":23}}},"18":{"name":"(anonymous_18)","line":591,"loc":{"start":{"line":591,"column":9},"end":{"line":591,"column":22}}},"19":{"name":"(anonymous_19)","line":613,"loc":{"start":{"line":613,"column":21},"end":{"line":613,"column":34}}},"20":{"name":"(anonymous_20)","line":631,"loc":{"start":{"line":631,"column":21},"end":{"line":631,"column":34}}},"21":{"name":"(anonymous_21)","line":649,"loc":{"start":{"line":649,"column":12},"end":{"line":649,"column":25}}},"22":{"name":"(anonymous_22)","line":669,"loc":{"start":{"line":669,"column":8},"end":{"line":669,"column":21}}}},"statementMap":{"1":{"start":{"line":1,"column":0},"end":{"line":1,"column":28}},"2":{"start":{"line":2,"column":0},"end":{"line":2,"column":27}},"3":{"start":{"line":3,"column":0},"end":{"line":3,"column":33}},"4":{"start":{"line":4,"column":0},"end":{"line":4,"column":31}},"5":{"start":{"line":5,"column":0},"end":{"line":5,"column":37}},"6":{"start":{"line":6,"column":0},"end":{"line":6,"column":31}},"7":{"start":{"line":7,"column":0},"end":{"line":7,"column":33}},"8":{"start":{"line":56,"column":8},"end":{"line":56,"column":16}},"9":{"start":{"line":57,"column":8},"end":{"line":57,"column":26}},"10":{"start":{"line":58,"column":8},"end":{"line":62,"column":11}},"11":{"start":{"line":65,"column":8},"end":{"line":65,"column":58}},"12":{"start":{"line":66,"column":8},"end":{"line":66,"column":78}},"13":{"start":{"line":68,"column":8},"end":{"line":70,"column":9}},"14":{"start":{"line":69,"column":12},"end":{"line":69,"column":54}},"15":{"start":{"line":72,"column":8},"end":{"line":72,"column":26}},"16":{"start":{"line":73,"column":8},"end":{"line":73,"column":33}},"17":{"start":{"line":74,"column":8},"end":{"line":74,"column":27}},"18":{"start":{"line":87,"column":8},"end":{"line":87,"column":26}},"19":{"start":{"line":88,"column":8},"end":{"line":88,"column":25}},"20":{"start":{"line":89,"column":8},"end":{"line":89,"column":43}},"21":{"start":{"line":90,"column":8},"end":{"line":95,"column":9}},"22":{"start":{"line":91,"column":12},"end":{"line":91,"column":41}},"23":{"start":{"line":92,"column":12},"end":{"line":94,"column":13}},"24":{"start":{"line":93,"column":16},"end":{"line":93,"column":41}},"25":{"start":{"line":96,"column":8},"end":{"line":96,"column":23}},"26":{"start":{"line":118,"column":8},"end":{"line":118,"column":52}},"27":{"start":{"line":119,"column":8},"end":{"line":119,"column":64}},"28":{"start":{"line":121,"column":8},"end":{"line":121,"column":26}},"29":{"start":{"line":122,"column":8},"end":{"line":122,"column":33}},"30":{"start":{"line":124,"column":8},"end":{"line":124,"column":92}},"31":{"start":{"line":126,"column":8},"end":{"line":126,"column":23}},"32":{"start":{"line":128,"column":8},"end":{"line":130,"column":9}},"33":{"start":{"line":129,"column":12},"end":{"line":129,"column":31}},"34":{"start":{"line":133,"column":8},"end":{"line":145,"column":11}},"35":{"start":{"line":134,"column":12},"end":{"line":134,"column":47}},"36":{"start":{"line":135,"column":12},"end":{"line":144,"column":13}},"37":{"start":{"line":136,"column":16},"end":{"line":136,"column":53}},"38":{"start":{"line":137,"column":16},"end":{"line":141,"column":19}},"39":{"start":{"line":138,"column":20},"end":{"line":138,"column":39}},"40":{"start":{"line":139,"column":20},"end":{"line":139,"column":56}},"41":{"start":{"line":140,"column":20},"end":{"line":140,"column":30}},"42":{"start":{"line":143,"column":16},"end":{"line":143,"column":23}},"43":{"start":{"line":148,"column":8},"end":{"line":160,"column":11}},"44":{"start":{"line":149,"column":12},"end":{"line":149,"column":45}},"45":{"start":{"line":150,"column":12},"end":{"line":159,"column":13}},"46":{"start":{"line":151,"column":16},"end":{"line":151,"column":53}},"47":{"start":{"line":152,"column":16},"end":{"line":156,"column":19}},"48":{"start":{"line":153,"column":20},"end":{"line":153,"column":39}},"49":{"start":{"line":154,"column":20},"end":{"line":154,"column":56}},"50":{"start":{"line":155,"column":20},"end":{"line":155,"column":30}},"51":{"start":{"line":158,"column":16},"end":{"line":158,"column":23}},"52":{"start":{"line":163,"column":8},"end":{"line":171,"column":11}},"53":{"start":{"line":164,"column":12},"end":{"line":164,"column":40}},"54":{"start":{"line":165,"column":12},"end":{"line":165,"column":49}},"55":{"start":{"line":166,"column":12},"end":{"line":170,"column":15}},"56":{"start":{"line":167,"column":16},"end":{"line":167,"column":35}},"57":{"start":{"line":168,"column":16},"end":{"line":168,"column":52}},"58":{"start":{"line":169,"column":16},"end":{"line":169,"column":26}},"59":{"start":{"line":174,"column":8},"end":{"line":186,"column":11}},"60":{"start":{"line":175,"column":12},"end":{"line":175,"column":44}},"61":{"start":{"line":176,"column":12},"end":{"line":185,"column":13}},"62":{"start":{"line":177,"column":16},"end":{"line":177,"column":53}},"63":{"start":{"line":178,"column":16},"end":{"line":182,"column":19}},"64":{"start":{"line":179,"column":20},"end":{"line":179,"column":39}},"65":{"start":{"line":180,"column":20},"end":{"line":180,"column":56}},"66":{"start":{"line":181,"column":20},"end":{"line":181,"column":30}},"67":{"start":{"line":184,"column":16},"end":{"line":184,"column":23}},"68":{"start":{"line":188,"column":8},"end":{"line":191,"column":11}},"69":{"start":{"line":189,"column":12},"end":{"line":189,"column":39}},"70":{"start":{"line":190,"column":12},"end":{"line":190,"column":36}},"71":{"start":{"line":202,"column":8},"end":{"line":202,"column":26}},"72":{"start":{"line":203,"column":8},"end":{"line":203,"column":31}},"73":{"start":{"line":205,"column":8},"end":{"line":209,"column":9}},"74":{"start":{"line":206,"column":12},"end":{"line":206,"column":53}},"75":{"start":{"line":208,"column":12},"end":{"line":208,"column":54}},"76":{"start":{"line":211,"column":8},"end":{"line":214,"column":11}},"77":{"start":{"line":212,"column":12},"end":{"line":212,"column":37}},"78":{"start":{"line":213,"column":12},"end":{"line":213,"column":28}},"79":{"start":{"line":224,"column":8},"end":{"line":224,"column":26}},"80":{"start":{"line":225,"column":8},"end":{"line":225,"column":58}},"81":{"start":{"line":227,"column":8},"end":{"line":230,"column":11}},"82":{"start":{"line":228,"column":12},"end":{"line":228,"column":37}},"83":{"start":{"line":229,"column":12},"end":{"line":229,"column":28}},"84":{"start":{"line":240,"column":8},"end":{"line":240,"column":29}},"85":{"start":{"line":241,"column":8},"end":{"line":241,"column":76}},"86":{"start":{"line":243,"column":8},"end":{"line":243,"column":67}},"87":{"start":{"line":244,"column":8},"end":{"line":244,"column":63}},"88":{"start":{"line":246,"column":8},"end":{"line":246,"column":26}},"89":{"start":{"line":247,"column":8},"end":{"line":250,"column":11}},"90":{"start":{"line":248,"column":12},"end":{"line":248,"column":37}},"91":{"start":{"line":249,"column":12},"end":{"line":249,"column":28}},"92":{"start":{"line":260,"column":8},"end":{"line":260,"column":29}},"93":{"start":{"line":261,"column":8},"end":{"line":261,"column":39}},"94":{"start":{"line":262,"column":8},"end":{"line":262,"column":76}},"95":{"start":{"line":264,"column":8},"end":{"line":264,"column":67}},"96":{"start":{"line":265,"column":8},"end":{"line":265,"column":53}},"97":{"start":{"line":266,"column":8},"end":{"line":266,"column":63}},"98":{"start":{"line":268,"column":8},"end":{"line":268,"column":26}},"99":{"start":{"line":269,"column":8},"end":{"line":272,"column":11}},"100":{"start":{"line":270,"column":12},"end":{"line":270,"column":37}},"101":{"start":{"line":271,"column":12},"end":{"line":271,"column":28}},"102":{"start":{"line":282,"column":8},"end":{"line":282,"column":29}},"103":{"start":{"line":283,"column":8},"end":{"line":283,"column":85}},"104":{"start":{"line":284,"column":8},"end":{"line":284,"column":76}},"105":{"start":{"line":286,"column":8},"end":{"line":286,"column":67}},"106":{"start":{"line":287,"column":8},"end":{"line":287,"column":66}},"107":{"start":{"line":288,"column":8},"end":{"line":288,"column":63}},"108":{"start":{"line":290,"column":8},"end":{"line":290,"column":26}},"109":{"start":{"line":291,"column":8},"end":{"line":294,"column":11}},"110":{"start":{"line":292,"column":12},"end":{"line":292,"column":37}},"111":{"start":{"line":293,"column":12},"end":{"line":293,"column":28}},"112":{"start":{"line":305,"column":8},"end":{"line":368,"column":9}},"113":{"start":{"line":306,"column":12},"end":{"line":308,"column":13}},"114":{"start":{"line":307,"column":16},"end":{"line":307,"column":49}},"115":{"start":{"line":310,"column":12},"end":{"line":312,"column":13}},"116":{"start":{"line":311,"column":16},"end":{"line":311,"column":44}},"117":{"start":{"line":313,"column":12},"end":{"line":313,"column":45}},"118":{"start":{"line":314,"column":12},"end":{"line":314,"column":48}},"119":{"start":{"line":315,"column":12},"end":{"line":315,"column":57}},"120":{"start":{"line":316,"column":12},"end":{"line":316,"column":59}},"121":{"start":{"line":317,"column":12},"end":{"line":317,"column":36}},"122":{"start":{"line":319,"column":12},"end":{"line":319,"column":28}},"123":{"start":{"line":320,"column":12},"end":{"line":320,"column":51}},"124":{"start":{"line":321,"column":12},"end":{"line":321,"column":42}},"125":{"start":{"line":322,"column":12},"end":{"line":322,"column":31}},"126":{"start":{"line":323,"column":12},"end":{"line":327,"column":13}},"127":{"start":{"line":324,"column":16},"end":{"line":324,"column":32}},"128":{"start":{"line":326,"column":16},"end":{"line":326,"column":32}},"129":{"start":{"line":329,"column":12},"end":{"line":329,"column":36}},"130":{"start":{"line":331,"column":12},"end":{"line":333,"column":13}},"131":{"start":{"line":332,"column":16},"end":{"line":332,"column":64}},"132":{"start":{"line":335,"column":12},"end":{"line":340,"column":13}},"133":{"start":{"line":336,"column":16},"end":{"line":336,"column":56}},"134":{"start":{"line":337,"column":16},"end":{"line":339,"column":17}},"135":{"start":{"line":338,"column":20},"end":{"line":338,"column":60}},"136":{"start":{"line":342,"column":12},"end":{"line":342,"column":56}},"137":{"start":{"line":344,"column":12},"end":{"line":346,"column":13}},"138":{"start":{"line":345,"column":16},"end":{"line":345,"column":69}},"139":{"start":{"line":348,"column":12},"end":{"line":367,"column":15}},"140":{"start":{"line":349,"column":16},"end":{"line":351,"column":17}},"141":{"start":{"line":350,"column":20},"end":{"line":350,"column":53}},"142":{"start":{"line":353,"column":16},"end":{"line":355,"column":17}},"143":{"start":{"line":354,"column":20},"end":{"line":354,"column":48}},"144":{"start":{"line":356,"column":16},"end":{"line":356,"column":49}},"145":{"start":{"line":357,"column":16},"end":{"line":357,"column":52}},"146":{"start":{"line":358,"column":16},"end":{"line":358,"column":61}},"147":{"start":{"line":359,"column":16},"end":{"line":359,"column":63}},"148":{"start":{"line":360,"column":16},"end":{"line":366,"column":17}},"149":{"start":{"line":361,"column":20},"end":{"line":361,"column":57}},"150":{"start":{"line":362,"column":20},"end":{"line":362,"column":61}},"151":{"start":{"line":363,"column":20},"end":{"line":363,"column":47}},"152":{"start":{"line":365,"column":20},"end":{"line":365,"column":44}},"153":{"start":{"line":386,"column":8},"end":{"line":386,"column":52}},"154":{"start":{"line":388,"column":8},"end":{"line":388,"column":26}},"155":{"start":{"line":389,"column":8},"end":{"line":389,"column":70}},"156":{"start":{"line":390,"column":8},"end":{"line":390,"column":62}},"157":{"start":{"line":391,"column":8},"end":{"line":391,"column":48}},"158":{"start":{"line":392,"column":8},"end":{"line":392,"column":57}},"159":{"start":{"line":393,"column":8},"end":{"line":393,"column":21}},"160":{"start":{"line":394,"column":8},"end":{"line":394,"column":24}},"161":{"start":{"line":395,"column":8},"end":{"line":395,"column":24}},"162":{"start":{"line":396,"column":8},"end":{"line":396,"column":28}},"163":{"start":{"line":397,"column":8},"end":{"line":397,"column":28}},"164":{"start":{"line":398,"column":8},"end":{"line":398,"column":27}},"165":{"start":{"line":401,"column":8},"end":{"line":407,"column":9}},"166":{"start":{"line":402,"column":12},"end":{"line":402,"column":39}},"167":{"start":{"line":403,"column":15},"end":{"line":407,"column":9}},"168":{"start":{"line":404,"column":12},"end":{"line":404,"column":29}},"169":{"start":{"line":406,"column":12},"end":{"line":406,"column":45}},"170":{"start":{"line":409,"column":8},"end":{"line":411,"column":9}},"171":{"start":{"line":410,"column":12},"end":{"line":410,"column":51}},"172":{"start":{"line":413,"column":8},"end":{"line":415,"column":9}},"173":{"start":{"line":414,"column":12},"end":{"line":414,"column":49}},"174":{"start":{"line":417,"column":8},"end":{"line":430,"column":9}},"175":{"start":{"line":418,"column":12},"end":{"line":418,"column":41}},"176":{"start":{"line":419,"column":12},"end":{"line":419,"column":65}},"177":{"start":{"line":420,"column":12},"end":{"line":420,"column":57}},"178":{"start":{"line":421,"column":12},"end":{"line":421,"column":57}},"179":{"start":{"line":422,"column":12},"end":{"line":428,"column":47}},"180":{"start":{"line":429,"column":12},"end":{"line":429,"column":38}},"181":{"start":{"line":432,"column":8},"end":{"line":432,"column":28}},"182":{"start":{"line":436,"column":8},"end":{"line":441,"column":9}},"183":{"start":{"line":438,"column":12},"end":{"line":438,"column":36}},"184":{"start":{"line":439,"column":12},"end":{"line":439,"column":41}},"185":{"start":{"line":440,"column":12},"end":{"line":440,"column":57}},"186":{"start":{"line":443,"column":8},"end":{"line":445,"column":9}},"187":{"start":{"line":444,"column":12},"end":{"line":444,"column":46}},"188":{"start":{"line":447,"column":8},"end":{"line":493,"column":9}},"189":{"start":{"line":449,"column":12},"end":{"line":449,"column":74}},"190":{"start":{"line":451,"column":12},"end":{"line":464,"column":15}},"191":{"start":{"line":452,"column":16},"end":{"line":462,"column":18}},"192":{"start":{"line":463,"column":16},"e
[...]
","locations":[{"start":{"line":386,"column":29},"end":{"line":386,"column":50}},{"start":{"line":386,"column":53},"end":{"line":386,"column":56}}]},"55":{"line":405,"type":"if","locations":[{"start":{"line":405,"column":8},"end":{"line":405,"column":8}},{"start":{"line":405,"column":8},"end":{"line":405,"column":8}}]},"56":{"line":407,"type":"if","locations":[{"start":{"line":407,"column":16},"end":{"line":407,"column":16}},{"start":{"line":407,"column":16},"end":{"line":407,"column":16}}]},"57":{"line":407,"type":"binary-expr","locations":[{"start":{"line":407,"column":20},"end":{"line":407,"column":24}},{"start":{"line":407,"column":28},"end":{"line":407,"column":41}}]},"58":{"line":409,"type":"if","locations":[{"start":{"line":409,"column":24},"end":{"line":409,"column":24}},{"start":{"line":409,"column":24},"end":{"line":409,"column":24}}]},"59":{"line":409,"type":"binary-expr","locations":[{"start":{"line":409,"column":27},"end":{"line":409,"column":31}},{"start":{"line":409,"column":35},"end":{"line":409,"column":48}}]},"60":{"line":411,"type":"cond-expr","locations":[{"start":{"line":411,"column":33},"end":{"line":411,"column":79}},{"start":{"line":411,"column":82},"end":{"line":411,"column":85}}]},"61":{"line":427,"type":"if","locations":[{"start":{"line":427,"column":12},"end":{"line":427,"column":12}},{"start":{"line":427,"column":12},"end":{"line":427,"column":12}}]},"62":{"line":429,"type":"if","locations":[{"start":{"line":429,"column":20},"end":{"line":429,"column":20}},{"start":{"line":429,"column":20},"end":{"line":429,"column":20}}]},"63":{"line":429,"type":"binary-expr","locations":[{"start":{"line":429,"column":24},"end":{"line":429,"column":27}},{"start":{"line":429,"column":31},"end":{"line":429,"column":44}}]},"64":{"line":442,"type":"if","locations":[{"start":{"line":442,"column":12},"end":{"line":442,"column":12}},{"start":{"line":442,"column":12},"end":{"line":442,"column":12}}]},"65":{"line":444,"type":"if","locations":[{"start":{"line":444,"column":20},"end":{"line":444,"column":20}},{"start":{"line":444,"column":20},"end":{"line":444,"column":20}}]},"66":{"line":444,"type":"binary-expr","locations":[{"start":{"line":444,"column":24},"end":{"line":444,"column":27}},{"start":{"line":444,"column":31},"end":{"line":444,"column":44}}]},"67":{"line":457,"type":"if","locations":[{"start":{"line":457,"column":8},"end":{"line":457,"column":8}},{"start":{"line":457,"column":8},"end":{"line":457,"column":8}}]},"68":{"line":471,"type":"if","locations":[{"start":{"line":471,"column":12},"end":{"line":471,"column":12}},{"start":{"line":471,"column":12},"end":{"line":471,"column":12}}]},"69":{"line":471,"type":"binary-expr","locations":[{"start":{"line":471,"column":15},"end":{"line":471,"column":18}},{"start":{"line":471,"column":22},"end":{"line":471,"column":35}}]},"70":{"line":474,"type":"if","locations":[{"start":{"line":474,"column":16},"end":{"line":474,"column":16}},{"start":{"line":474,"column":16},"end":{"line":474,"column":16}}]},"71":{"line":485,"type":"if","locations":[{"start":{"line":485,"column":8},"end":{"line":485,"column":8}},{"start":{"line":485,"column":8},"end":{"line":485,"column":8}}]},"72":{"line":486,"type":"binary-expr","locations":[{"start":{"line":486,"column":19},"end":{"line":486,"column":23}},{"start":{"line":486,"column":27},"end":{"line":486,"column":36}},{"start":{"line":486,"column":42},"end":{"line":486,"column":81}},{"start":{"line":486,"column":87},"end":{"line":486,"column":137}}]},"73":{"line":493,"type":"if","locations":[{"start":{"line":493,"column":8},"end":{"line":493,"column":8}},{"start":{"line":493,"column":8},"end":{"line":493,"column":8}}]},"74":{"line":498,"type":"if","locations":[{"start":{"line":498,"column":8},"end":{"line":498,"column":8}},{"start":{"line":498,"column":8},"end":{"line":498,"column":8}}]},"75":{"line":498,"type":"binary-expr","locations":[{"start":{"line":498,"column":11},"end":{"line":498,"column":36}},{"start":{"line":498,"column":40},"end":{"line":498,"column":50}}]},"76":{"line":500,"type":"if","locations":[{"start":{"line":500,"column":15},"end":{"line":500,"column":15}},{"start":{"line":500,"column":15},"end":{"line":500,"column":15}}]}}},"/Users/augustopissarra/dev/boaoferta/dev/security/gulp.config.js":{"path":"/Users/augustopissarra/dev/boaoferta/dev/security/gulp.config.js","s":{"1":0,"2":0,"3":0,"4":0,"5":0,"6":0,"7":0,"8":0,"9":0},"b":{},"f":{},"fnMap":{},"statementMap":{"1":{"start":{"line":1,"column":0},"end":{"line":38,"column":2}},"2":{"start":{"line":2,"column":4},"end":{"line":6,"column":6}},"3":{"start":{"line":8,"column":4},"end":{"line":13,"column":6}},"4":{"start":{"line":14,"column":4},"end":{"line":14,"column":40}},"5":{"start":{"line":15,"column":4},"end":{"line":15,"column":28}},"6":{"start":{"line":16,"column":4},"end":{"line":16,"column":36}},"7":{"start":{"line":17,"column":4},"end":{"line":17,"column":49}},"8":{"start":{"line":19,"column":4},"end":{"line":35,"column":6}},"9":{"start":{"line":37,"column":4},"end":{"line":37,"column":18}}},"branchMap":{}},"/Users/augustopissarra/dev/boaoferta/dev/security/gulpfile.babel.js":{"path":"/Users/augustopissarra/dev/boaoferta/dev/security/gulpfile.babel.js","s":{"1":0,"2":0,"3":0,"4":0,"5":0,"6":0,"7":0,"8":0,"9":0,"10":0,"11":0,"12":0,"13":0,"14":0,"15":0,"16":0,"17":0,"18":0,"19":0,"20":0,"21":0,"22":0,"23":0,"24":0,"25":0,"26":0,"27":0,"28":0,"29":0,"30":0,"31":0,"32":0,"33":0,"34":0,"35":0,"36":0,"37":0,"38":0,"39":0,"40":0,"41":0,"42":0,"43":0,"44":0,"45":0,"46":0,"47":0,"48":0,"49":0,"50":0,"51":0,"52":0,"53":0,"54":0,"55":0,"56":0,"57":0},"b":{"1":[0,0],"2":[0,0],"3":[0,0],"4":[0,0]},"f":{"1":0,"2":0,"3":0},"fnMap":{"1":{"name":"startPlatoVisualizer","line":89,"loc":{"start":{"line":89,"column":0},"end":{"line":89,"column":36}}},"2":{"name":"platoCompleted","line":105,"loc":{"start":{"line":105,"column":4},"end":{"line":105,"column":36}}},"3":{"name":"log","line":121,"loc":{"start":{"line":121,"column":0},"end":{"line":121,"column":18}}}},"statementMap":{"1":{"start":{"line":1,"column":0},"end":{"line":1,"column":35}},"2":{"start":{"line":2,"column":0},"end":{"line":2,"column":42}},"3":{"start":{"line":3,"column":0},"end":{"line":3,"column":38}},"4":{"start":{"line":4,"column":0},"end":{"line":4,"column":29}},"5":{"start":{"line":5,"column":0},"end":{"line":5,"column":29}},"6":{"start":{"line":6,"column":0},"end":{"line":6,"column":55}},"7":{"start":{"line":8,"column":0},"end":{"line":8,"column":33}},"8":{"start":{"line":9,"column":0},"end":{"line":9,"column":31}},"9":{"start":{"line":11,"column":0},"end":{"line":17,"column":3}},"10":{"start":{"line":12,"column":4},"end":{"line":12,"column":24}},"11":{"start":{"line":13,"column":4},"end":{"line":16,"column":39}},"12":{"start":{"line":19,"column":0},"end":{"line":23,"column":3}},"13":{"start":{"line":20,"column":4},"end":{"line":20,"column":25}},"14":{"start":{"line":21,"column":4},"end":{"line":22,"column":25}},"15":{"start":{"line":25,"column":0},"end":{"line":28,"column":3}},"16":{"start":{"line":26,"column":4},"end":{"line":26,"column":38}},"17":{"start":{"line":27,"column":4},"end":{"line":27,"column":39}},"18":{"start":{"line":30,"column":0},"end":{"line":34,"column":3}},"19":{"start":{"line":31,"column":4},"end":{"line":31,"column":24}},"20":{"start":{"line":32,"column":4},"end":{"line":33,"column":24}},"21":{"start":{"line":36,"column":0},"end":{"line":36,"column":35}},"22":{"start":{"line":45,"column":0},"end":{"line":57,"column":3}},"23":{"start":{"line":46,"column":4},"end":{"line":46,"column":25}},"24":{"start":{"line":48,"column":4},"end":{"line":49,"column":71}},"25":{"start":{"line":51,"column":4},"end":{"line":56,"column":12}},"26":{"start":{"line":54,"column":12},"end":{"line":54,"column":37}},"27":{"start":{"line":55,"column":12},"end":{"line":55,"column":19}},"28":{"start":{"line":62,"column":0},"end":{"line":73,"column":3}},"29":{"start":{"line":63,"column":4},"end":{"line":63,"column":28}},"30":{"start":{"line":65,"column":4},"end":{"line":65,"column":74}},"31":{"start":{"line":67,"column":4},"end":{"line":72,"column":12}},"32":{"start":{"line":70,"column":12},"end":{"line":70,"column":37}},"33":{"start":{"line":71,"column":12},"end":{"line":71,"column":19}},"34":{"start":{"line":78,"column":0},"end":{"line":83,"column":3}},"35":{"start":{"line":79,"column":4},"end":{"line":79,"column":39}},"36":{"start":{"line":80,"column":4},"end":{"line":80,"column":74}},"37":{"start":{"line":82,"column":4},"end":{"line":82,"column":31}},"38":{"start":{"line":89,"column":0},"end":{"line":114,"column":1}},"39":{"start":{"line":90,"column":4},"end":{"line":90,"column":25}},"40":{"start":{"line":92,"column":4},"end":{"line":92,"column":43}},"41":{"start":{"line":93,"column":4},"end":{"line":93,"column":38}},"42":{"start":{"line":94,"column":4},"end":{"line":94,"column":37}},"43":{"start":{"line":96,"column":4},"end":{"line":99,"column":6}},"44":{"start":{"line":100,"column":4},"end":{"line":100,"column":45}},"45":{"start":{"line":102,"column":4},"end":{"line":102,"column":61}},"46":{"start":{"line":105,"column":4},"end":{"line":113,"column":5}},"47":{"start":{"line":106,"column":8},"end":{"line":106,"column":55}},"48":{"start":{"line":107,"column":8},"end":{"line":109,"column":9}},"49":{"start":{"line":108,"column":12},"end":{"line":108,"column":34}},"50":{"start":{"line":110,"column":8},"end":{"line":112,"column":9}},"51":{"start":{"line":111,"column":12},"end":{"line":111,"column":19}},"52":{"start":{"line":121,"column":0},"end":{"line":131,"column":1}},"53":{"start":{"line":122,"column":4},"end":{"line":130,"column":5}},"54":{"start":{"line":123,"column":8},"end":{"line":127,"column":9}},"55":{"start":{"line":124,"column":12},"end":{"line":126,"column":13}},"56":{"start":{"line":125,"column":16},"end":{"line":125,"column":58}},"57":{"start":{"line":129,"column":8},"end":{"line":129,"column":44}}},"branchMap":{"1":{"line":107,"type":"if","locations":[{"start":{"line":107,"column":8},"end":{"line":107,"column":8}},{"start":{"line":107,"column":8},"end":{"line":107,"column":8}}]},"2":{"line":110,"type":"if","locations":[{"start":{"line":110,"column":8},"end":{"line":110,"column":8}},{"start":{"line":110,"column":8},"end":{"line":110,"column":8}}]},"3":{"line":122,"type":"if","locations":[{"start":{"line":122,"column":4},"end":{"line":122,"column":4}},{"start":{"line":122,"column":4},"end":{"line":122,"column":4}}]},"4":{"line":124,"type":"if","locations":[{"start":{"line":124,"column":12},"end":{"line":124,"column":12}},{"start":{"line":124,"column":12},"end":{"line":124,"column":12}}]}}},"/Users/augustopissarra/dev/boaoferta/dev/security/routes/admin.js":{"path":"/Users/augustopissarra/dev/boaoferta/dev/security/routes/admin.js","s":{"1":0},"b":{},"f":{},"fnMap":{},"statementMap":{"1":{"start":{"line":1,"column":0},"end":{"line":1,"column":20}}},"branchMap":{}},"/Users/augustopissarra/dev/boaoferta/dev/security/routes/helper.js":{"path":"/Users/augustopissarra/dev/boaoferta/dev/security/routes/helper.js","s":{"1":0},"b":{},"f":{},"fnMap":{},"statementMap":{"1":{"start":{"line":1,"column":0},"end":{"line":1,"column":20}}},"branchMap":{}},"/Users/augustopissarra/dev/boaoferta/dev/security/routes/site.js":{"path":"/Users/augustopissarra/dev/boaoferta/dev/security/routes/site.js","s":{"1":0,"2":0},"b":{},"f":{},"fnMap":{},"statementMap":{"1":{"start":{"line":1,"column":0},"end":{"line":1,"column":37}},"2":{"start":{"line":3,"column":0},"end":{"line":3,"column":21}}},"branchMap":{}},"/Users/augustopissarra/dev/boaoferta/dev/security/start.js":{"path":"/Users/augustopissarra/dev/boaoferta/dev/security/start.js","s":{"1":0,"2":0,"3":0,"4":0,"5":0,"6":0,"7":0,"8":0,"9":0,"10":0,"11":0,"12":0,"13":0,"14":0,"15":0,"16":0,"17":0,"18":0,"19":0,"20":0,"21":0,"22":0,"23":0,"24":0,"25":0,"26":0,"27":0,"28":0,"29":0,"30":0,"31":0,"32":0,"33":0,"34":0,"35":0,"36":0,"37":0,"38":0,"39":0,"40":0,"41":0,"42":0,"43":0,"44":0,"45":0,"46":0,"47":0,"48":0,"49":0,"50":0,"51":0,"52":0,"53":0,"54":0,"55":0,"56":0,"57":0,"58":0,"59":0,"60":0,"61":0,"62":0,"63":0,"64":0,"65":0,"66":0,"67":0,"68":0,"69":0,"70":0,"71":0,"72":0,"73":0,"74":0,"75":0,"76":0,"77":0,"78":0,"79":0,"80":0,"81":0,"82":0},"b":{"1":[0,0],"2":[0,0],"3":[0,0]},"f":{"1":0,"2":0,"3":0,"4":0,"5":0,"6":0,"7":0,"8":0,"9":0,"10":0,"11":0,"12":0,"13":0},"fnMap":{"1":{"name":"(anonymous_1)","line":14,"loc":{"start":{"line":14,"column":15},"end":{"line":14,"column":18}}},"2":{"name":"(anonymous_2)","line":20,"loc":{"start":{"line":20,"column":12},"end":{"line":20,"column":19}}},"3":{"name":"(anonymous_3)","line":32,"loc":{"start":{"line":32,"column":19},"end":{"line":32,"column":26}}},"4":{"name":"(anonymous_4)","line":37,"loc":{"start":{"line":37,"column":15},"end":{"line":37,"column":22}}},"5":{"name":"(anonymous_5)","line":52,"loc":{"start":{"line":52,"column":13},"end":{"line":52,"column":20}}},"6":{"name":"(anonymous_6)","line":63,"loc":{"start":{"line":63,"column":13},"end":{"line":63,"column":20}}},"7":{"name":"(anonymous_7)","line":71,"loc":{"start":{"line":71,"column":16},"end":{"line":71,"column":23}}},"8":{"name":"(anonymous_8)","line":77,"loc":{"start":{"line":77,"column":17},"end":{"line":77,"column":24}}},"9":{"name":"(anonymous_9)","line":90,"loc":{"start":{"line":90,"column":11},"end":{"line":90,"column":18}}},"10":{"name":"(anonymous_10)","line":101,"loc":{"start":{"line":101,"column":14},"end":{"line":101,"column":21}}},"11":{"name":"(anonymous_11)","line":104,"loc":{"start":{"line":104,"column":28},"end":{"line":104,"column":47}}},"12":{"name":"(anonymous_12)","line":113,"loc":{"start":{"line":113,"column":15},"end":{"line":113,"column":22}}},"13":{"name":"(anonymous_13)","line":119,"loc":{"start":{"line":119,"column":9},"end":{"line":119,"column":12}}}},"statementMap":{"1":{"start":{"line":1,"column":0},"end":{"line":1,"column":28}},"2":{"start":{"line":2,"column":0},"end":{"line":2,"column":29}},"3":{"start":{"line":3,"column":0},"end":{"line":3,"column":39}},"4":{"start":{"line":4,"column":0},"end":{"line":4,"column":38}},"5":{"start":{"line":5,"column":0},"end":{"line":5,"column":31}},"6":{"start":{"line":6,"column":0},"end":{"line":6,"column":34}},"7":{"start":{"line":7,"column":0},"end":{"line":7,"column":39}},"8":{"start":{"line":15,"column":8},"end":{"line":15,"column":26}},"9":{"start":{"line":16,"column":8},"end":{"line":16,"column":27}},"10":{"start":{"line":17,"column":8},"end":{"line":17,"column":31}},"11":{"start":{"line":21,"column":8},"end":{"line":21,"column":26}},"12":{"start":{"line":24,"column":8},"end":{"line":27,"column":33}},"13":{"start":{"line":29,"column":8},"end":{"line":29,"column":78}},"14":{"start":{"line":30,"column":8},"end":{"line":30,"column":15}},"15":{"start":{"line":33,"column":8},"end":{"line":33,"column":26}},"16":{"start":{"line":34,"column":8},"end":{"line":34,"column":46}},"17":{"start":{"line":35,"column":8},"end":{"line":35,"column":15}},"18":{"start":{"line":38,"column":8},"end":{"line":38,"column":26}},"19":{"start":{"line":39,"column":8},"end":{"line":49,"column":11}},"20":{"start":{"line":50,"column":8},"end":{"line":50,"column":15}},"21":{"start":{"line":53,"column":8},"end":{"line":53,"column":26}},"22":{"start":{"line":54,"column":8},"end":{"line":60,"column":11}},"23":{"start":{"line":61,"column":8},"end":{"line":61,"column":15}},"24":{"start":{"line":64,"column":8},"end":{"line":64,"column":26}},"25":{"start":{"line":65,"column":8},"end":{"line":65,"column":31}},"26":{"start":{"line":66,"column":8},"end":{"line":66,"column":106}},"27":{"start":{"line":67,"column":8},"end":{"line":69,"column":11}},"28":{"start":{"line":68,"column":12},"end":{"line":68,"column":22}},"29":{"start":{"line":72,"column":8},"end":{"line":72,"column":26}},"30":{"start":{"line":73,"column":8},"end":{"line":73,"column":62}},"31":{"start":{"line":74,"column":8},"end":{"line":74,"column":109}},"32":{"start":{"line":75,"column":8},"end":{"line":75,"column":15}},"33":{"start":{"line":78,"column":8},"end":{"line":78,"column":26}},"34":{"start":{"line":79,"column":8},"end":{"line":88,"column":11}},"35":{"start":{"line":87,"column":12},"end":{"line":87,"column":22}},"36":{"start":{"line":91,"column":8},"end":{"line":91,"column":26}},"37":{"start":{"line":92,"column":8},"end":{"line":99,"column":11}},"38":{"start":{"line":93,"column":12},"end":{"line":97,"column":13}},"39":{"start":{"line":94,"column":16},"end":{"line":94,"column":55}},"40":{"start":{"line":95,"column":16},"end":{"line":95,"column":64}},"41":{"start":{"line":96,"column":16},"end":{"line":96,"column":74}},"42":{"start":{"line":98,"column":12},"end":{"line":98,"column":22}},"43":{"start":{"line":102,"column":8},"end":{"line":102,"column":26}},"44":{"start":{"line":103,"column":8},"end":{"line":103,"column":29}},"45":{"start":{"line":104,"column":8},"end":{"line":107,"column":11}},"46":{"start":{"line":105,"column":12},"end":{"line":105,"column":59}},"47":{"start":{"line":106,"column":12},"end":{"line":106,"column":56}},"48":{"start":{"line":108,"column":8},"end":{"line":110,"column":11}},"49":{"start":{"line":109,"column":12},"end":{"line":109,"column":37}},"50":{"start":{"line":111,"column":8},"end":{"line":111,"column":15}},"51":{"start":{"line":114,"column":8},"end":{"line":114,"column":26}},"52":{"start":{"line":115,"column":8},"end":{"line":117,"column":11}},"53":{"start":{"line":116,"column":12},"end":{"line":116,"column":22}},"54":{"start":{"line":120,"column":8},"end":{"line":120,"column":26}},"55":{"start":{"line":121,"column":8},"end":{"line":121,"column":23}},"56":{"start":{"line":123,"column":8},"end":{"line":123,"column":50}},"57":{"start":{"line":123,"column":29},"end":{"line":123,"column":48}},"58":{"start":{"line":124,"column":8},"end":{"line":124,"column":53}},"59":{"start":{"line":124,"column":29},"end":{"line":124,"column":51}},"60":{"start":{"line":125,"column":8},"end":{"line":125,"column":57}},"61":{"start":{"line":125,"column":29},"end":{"line":125,"column":55}},"62":{"start":{"line":126,"column":8},"end":{"line":126,"column":51}},"63":{"start":{"line":126,"column":29},"end":{"line":126,"column":49}},"64":{"start":{"line":127,"column":8},"end":{"line":127,"column":51}},"65":{"start":{"line":127,"column":29},"end":{"line":127,"column":49}},"66":{"start":{"line":128,"column":8},"end":{"line":128,"column":54}},"67":{"start":{"line":128,"column":29},"end":{"line":128,"column":52}},"68":{"start":{"line":129,"column":8},"end":{"line":129,"column":55}},"69":{"start":{"line":129,"column":29},"end":{"line":129,"column":53}},"70":{"start":{"line":130,"column":8},"end":{"line":130,"column":49}},"71":{"start":{"line":130,"column":29},"end":{"line":130,"column":47}},"72":{"start":{"line":131,"column":8},"end":{"line":131,"column":52}},"73":{"start":{"line":131,"column":29},"end":{"line":131,"column":50}},"74":{"start":{"line":132,"column":8},"end":{"line":132,"column":53}},"75":{"start":{"line":132,"column":29},"end":{"line":132,"column":51}},"76":{"start":{"line":134,"column":8},"end":{"line":141,"column":11}},"77":{"start":{"line":135,"column":12},"end":{"line":140,"column":13}},"78":{"start":{"line":136,"column":16},"end":{"line":136,"column":33}},"79":{"start":{"line":138,"column":16},"end":{"line":138,"column":38}},"80":{"start":{"line":139,"column":16},"end":{"line":139,"column":150}},"81":{"start":{"line":145,"column":0},"end":{"line":145,"column":27}},"82":{"start":{"line":146,"column":0},"end":{"line":146,"column":12}}},"branchMap":{"1":{"line":29,"type":"cond-expr","locations":[{"start":{"line":29,"column":54},"end":{"line":29,"column":69}},{"start":{"line":29,"column":72},"end":{"line":29,"column":77}}]},"2":{"line":93,"type":"if","locations":[{"start":{"line":93,"column":12},"end":{"line":93,"column":12}},{"start":{"line":93,"column":12},"end":{"line":93,"column":12}}]},"3":{"line":135,"type":"if","locations":[{"start":{"line":135,"column":12},"end":{"line":135,"column":12}},{"start":{"line":135,"column":12},"end":{"line":135,"column":12}}]}}}}