TN:
SF:/Users/augustopissarra/dev/boaoferta/dev/security/domains/helpers/modules/mongo.js
FNF:0
FNH:0
DA:1,1
DA:2,1
DA:3,1
DA:12,1
DA:28,1
DA:29,2
DA:35,2
DA:36,2
DA:37,2
DA:38,2
DA:46,1
DA:47,0
DA:54,1
DA:55,1
DA:57,1
DA:59,1
DA:60,0
DA:61,0
DA:62,0
DA:64,0
DA:65,0
DA:69,1
DA:70,1
DA:71,1
DA:73,1
DA:74,1
DA:79,1
DA:80,0
DA:81,0
DA:82,0
DA:94,1
DA:95,3
DA:103,1
DA:104,1
DA:105,1
DA:106,1
DA:107,1
DA:109,1
DA:110,1
DA:114,1
LF:40
LH:31
BRDA:36,1,0,2
BRDA:36,1,1,0
BRDA:36,2,0,2
BRDA:36,2,1,2
BRDA:36,2,2,2
BRDA:60,3,0,0
BRDA:60,3,1,0
BRDA:60,4,0,0
BRDA:60,4,1,0
BRDA:60,4,2,0
BRDA:64,5,0,0
BRDA:64,5,1,0
BRDA:70,6,0,1
BRDA:70,6,1,0
BRDA:70,7,0,1
BRDA:70,7,1,1
BRDA:70,7,2,1
BRDA:73,8,0,1
BRDA:73,8,1,0
BRDA:81,9,0,0
BRDA:81,9,1,0
BRDA:95,10,0,2
BRDA:95,10,1,1
BRF:23
BRH:11
end_of_record
TN:
SF:/Users/augustopissarra/dev/boaoferta/dev/security/domains/helpers/modules/utils.js
FN:9,(anonymous_1)
FN:18,(anonymous_2)
FN:23,(anonymous_3)
FN:30,(anonymous_4)
FN:47,(anonymous_5)
FN:62,(anonymous_6)
FN:100,(anonymous_7)
FN:119,(anonymous_8)
FN:147,(anonymous_9)
FN:151,(anonymous_10)
FN:188,(anonymous_11)
FNF:11
FNH:10
FNDA:45,(anonymous_1)
FNDA:44,(anonymous_2)
FNDA:274,(anonymous_3)
FNDA:41,(anonymous_4)
FNDA:3,(anonymous_5)
FNDA:2,(anonymous_6)
FNDA:0,(anonymous_7)
FNDA:8,(anonymous_8)
FNDA:937,(anonymous_9)
FNDA:117,(anonymous_10)
FNDA:12,(anonymous_11)
DA:1,1
DA:2,1
DA:3,1
DA:4,1
DA:10,45
DA:11,45
DA:14,45
DA:15,45
DA:19,44
DA:20,44
DA:24,274
DA:25,274
DA:26,274
DA:27,274
DA:31,41
DA:32,41
DA:33,41
DA:34,271
DA:36,41
DA:40,1
DA:46,1
DA:47,1
DA:48,3
DA:52,1
DA:54,1
DA:55,0
DA:58,1
DA:59,2
DA:62,1
DA:63,2
DA:66,1
DA:67,1
DA:68,1
DA:69,1
DA:70,1
DA:72,1
DA:83,1
DA:84,2
DA:85,2
DA:86,1
DA:88,1
DA:92,1
DA:93,2
DA:94,2
DA:95,1
DA:97,1
DA:100,1
DA:101,0
DA:102,0
DA:103,0
DA:105,0
DA:106,0
DA:109,0
DA:110,0
DA:113,0
DA:114,0
DA:115,0
DA:119,1
DA:120,8
DA:121,7
DA:122,7
DA:124,0
DA:125,0
DA:128,7
DA:129,7
DA:132,7
DA:133,0
DA:136,1
DA:137,1
DA:138,1
DA:147,1
DA:148,937
DA:151,1
DA:152,117
DA:153,117
DA:159,1
DA:160,9
DA:161,14
DA:162,14
DA:163,77
DA:164,64
DA:174,1
DA:176,1
DA:177,0
DA:180,1
DA:182,1
DA:183,1
DA:185,1
DA:188,1
DA:189,12
DA:190,7
DA:191,7
DA:195,1
DA:198,1
LF:94
LH:79
BRDA:36,1,0,41
BRDA:36,1,1,0
BRDA:85,2,0,1
BRDA:85,2,1,1
BRDA:85,3,0,2
BRDA:85,3,1,1
BRDA:94,4,0,1
BRDA:94,4,1,1
BRDA:94,5,0,2
BRDA:94,5,1,1
BRDA:101,6,0,0
BRDA:101,6,1,0
BRDA:103,7,0,0
BRDA:103,7,1,0
BRDA:109,8,0,0
BRDA:109,8,1,0
BRDA:109,9,0,0
BRDA:109,9,1,0
BRDA:110,10,0,0
BRDA:110,10,1,0
BRDA:110,11,0,0
BRDA:110,11,1,0
BRDA:120,12,0,7
BRDA:120,12,1,1
BRDA:122,13,0,0
BRDA:122,13,1,7
BRDA:128,14,0,7
BRDA:128,14,1,0
BRDA:128,15,0,7
BRDA:128,15,1,7
BRDA:129,16,0,0
BRDA:129,16,1,7
BRDA:129,17,0,7
BRDA:129,17,1,6
BRDA:132,18,0,0
BRDA:132,18,1,7
BRDA:152,19,0,116
BRDA:152,19,1,1
BRDA:161,20,0,1
BRDA:161,20,1,13
BRDA:163,21,0,64
BRDA:163,21,1,13
BRDA:164,22,0,1
BRDA:164,22,1,63
BRDA:182,23,0,1
BRDA:182,23,1,0
BRDA:183,24,0,1
BRDA:183,24,1,0
BRDA:189,25,0,7
BRDA:189,25,1,5
BRDA:189,26,0,12
BRDA:189,26,1,9
BRF:52
BRH:33
end_of_record
TN:
SF:/Users/augustopissarra/dev/boaoferta/dev/security/domains/helpers/modules/crudinterface.js
FN:57,(anonymous_1)
FN:101,(anonymous_2)
FN:192,(anonymous_3)
FN:208,(anonymous_4)
FN:230,(anonymous_5)
FN:248,(anonymous_6)
FN:266,(anonymous_7)
FN:284,(anonymous_8)
FNF:8
FNH:8
FNDA:1,(anonymous_1)
FNDA:7,(anonymous_2)
FNDA:1,(anonymous_3)
FNDA:1,(anonymous_4)
FNDA:1,(anonymous_5)
FNDA:1,(anonymous_6)
FNDA:1,(anonymous_7)
FNDA:2,(anonymous_8)
DA:1,1
DA:2,1
DA:3,1
DA:4,1
DA:5,1
DA:58,1
DA:59,1
DA:60,1
DA:67,1
DA:69,1
DA:70,1
DA:73,1
DA:102,7
DA:103,7
DA:105,7
DA:106,7
DA:108,7
DA:110,7
DA:111,7
DA:115,7
DA:116,7
DA:117,7
DA:118,6
DA:119,6
DA:120,6
DA:121,6
DA:122,6
DA:125,1
DA:130,7
DA:131,7
DA:132,7
DA:133,6
DA:134,6
DA:135,6
DA:136,6
DA:137,6
DA:140,1
DA:145,7
DA:146,7
DA:147,7
DA:148,6
DA:149,6
DA:150,6
DA:151,6
DA:152,6
DA:155,1
DA:160,7
DA:161,7
DA:162,7
DA:163,6
DA:164,6
DA:165,6
DA:166,6
DA:167,6
DA:170,1
DA:174,7
DA:175,7
DA:176,7
DA:193,1
DA:194,1
DA:196,1
DA:197,1
DA:198,1
DA:209,1
DA:211,1
DA:212,1
DA:213,1
DA:216,1
DA:218,1
DA:219,1
DA:231,1
DA:232,1
DA:234,1
DA:235,1
DA:236,1
DA:249,1
DA:250,1
DA:251,1
DA:253,1
DA:254,1
DA:255,1
DA:267,1
DA:268,1
DA:270,1
DA:271,1
DA:272,1
DA:285,2
DA:287,2
DA:288,2
DA:290,2
DA:291,1
DA:294,2
DA:296,2
DA:300,1
LF:94
LH:94
BRDA:69,1,0,1
BRDA:69,1,1,0
BRDA:110,2,0,7
BRDA:110,2,1,0
BRDA:117,3,0,6
BRDA:117,3,1,1
BRDA:132,4,0,6
BRDA:132,4,1,1
BRDA:147,5,0,6
BRDA:147,5,1,1
BRDA:162,6,0,6
BRDA:162,6,1,1
BRDA:211,7,0,1
BRDA:211,7,1,0
BRDA:290,8,0,1
BRDA:290,8,1,1
BRF:16
BRH:13
end_of_record
TN:
SF:/Users/augustopissarra/dev/boaoferta/dev/security/domains/helpers/modules/model.js
FN:15,(anonymous_1)
FN:22,(anonymous_2)
FN:33,(anonymous_3)
FN:45,(anonymous_4)
FN:59,(anonymous_5)
FN:90,(anonymous_6)
FN:174,(anonymous_7)
FN:197,(anonymous_8)
FN:213,(anonymous_9)
FN:235,(anonymous_10)
FN:253,(anonymous_11)
FN:271,(anonymous_12)
FN:291,(anonymous_13)
FN:315,(anonymous_14)
FNF:14
FNH:4
FNDA:4,(anonymous_1)
FNDA:40,(anonymous_2)
FNDA:270,(anonymous_3)
FNDA:40,(anonymous_4)
FNDA:0,(anonymous_5)
FNDA:0,(anonymous_6)
FNDA:0,(anonymous_7)
FNDA:0,(anonymous_8)
FNDA:0,(anonymous_9)
FNDA:0,(anonymous_10)
FNDA:0,(anonymous_11)
FNDA:0,(anonymous_12)
FNDA:0,(anonymous_13)
FNDA:0,(anonymous_14)
DA:1,1
DA:2,1
DA:3,1
DA:4,1
DA:16,4
DA:23,40
DA:24,40
DA:25,40
DA:34,270
DA:35,270
DA:36,270
DA:46,40
DA:47,40
DA:48,40
DA:60,0
DA:61,0
DA:62,0
DA:65,0
DA:66,0
DA:67,0
DA:69,0
DA:91,0
DA:92,0
DA:94,0
DA:95,0
DA:97,0
DA:99,0
DA:101,0
DA:102,0
DA:106,0
DA:107,0
DA:108,0
DA:109,0
DA:110,0
DA:111,0
DA:112,0
DA:113,0
DA:116,0
DA:121,0
DA:122,0
DA:123,0
DA:124,0
DA:125,0
DA:126,0
DA:127,0
DA:128,0
DA:131,0
DA:136,0
DA:137,0
DA:138,0
DA:139,0
DA:140,0
DA:141,0
DA:142,0
DA:147,0
DA:148,0
DA:149,0
DA:150,0
DA:151,0
DA:152,0
DA:153,0
DA:154,0
DA:157,0
DA:161,0
DA:162,0
DA:163,0
DA:175,0
DA:177,0
DA:178,0
DA:179,0
DA:182,0
DA:184,0
DA:185,0
DA:198,0
DA:199,0
DA:201,0
DA:202,0
DA:203,0
DA:214,0
DA:216,0
DA:217,0
DA:218,0
DA:221,0
DA:223,0
DA:224,0
DA:236,0
DA:237,0
DA:239,0
DA:240,0
DA:241,0
DA:254,0
DA:255,0
DA:256,0
DA:258,0
DA:259,0
DA:260,0
DA:272,0
DA:273,0
DA:275,0
DA:276,0
DA:277,0
DA:292,0
DA:294,0
DA:295,0
DA:297,0
DA:298,0
DA:301,0
DA:303,0
DA:316,0
DA:318,0
DA:319,0
DA:321,0
DA:322,0
DA:325,0
DA:327,0
DA:331,1
LF:116
LH:15
BRDA:35,1,0,270
BRDA:35,1,1,0
BRDA:47,2,0,40
BRDA:47,2,1,0
BRDA:61,3,0,0
BRDA:61,3,1,0
BRDA:65,4,0,0
BRDA:65,4,1,0
BRDA:66,5,0,0
BRDA:66,5,1,0
BRDA:101,6,0,0
BRDA:101,6,1,0
BRDA:108,7,0,0
BRDA:108,7,1,0
BRDA:123,8,0,0
BRDA:123,8,1,0
BRDA:149,9,0,0
BRDA:149,9,1,0
BRDA:177,10,0,0
BRDA:177,10,1,0
BRDA:216,11,0,0
BRDA:216,11,1,0
BRDA:297,12,0,0
BRDA:297,12,1,0
BRDA:321,13,0,0
BRDA:321,13,1,0
BRF:26
BRH:2
end_of_record
TN:
SF:/Users/augustopissarra/dev/boaoferta/dev/security/domains/helpers/modules/crudmemory.js
FN:58,(anonymous_1)
FN:100,(anonymous_2)
FN:183,(anonymous_3)
FN:201,(anonymous_4)
FN:212,(anonymous_5)
FN:226,(anonymous_6)
FN:248,(anonymous_7)
FN:258,(anonymous_8)
FN:314,(anonymous_9)
FN:334,(anonymous_10)
FN:347,(anonymous_11)
FN:363,(anonymous_12)
FN:385,(anonymous_13)
FN:403,(anonymous_14)
FN:421,(anonymous_15)
FN:441,(anonymous_16)
FNF:16
FNH:16
FNDA:1,(anonymous_1)
FNDA:13,(anonymous_2)
FNDA:1,(anonymous_3)
FNDA:1,(anonymous_4)
FNDA:1,(anonymous_5)
FNDA:1,(anonymous_6)
FNDA:1,(anonymous_7)
FNDA:8,(anonymous_8)
FNDA:1,(anonymous_9)
FNDA:3,(anonymous_10)
FNDA:1,(anonymous_11)
FNDA:1,(anonymous_12)
FNDA:1,(anonymous_13)
FNDA:1,(anonymous_14)
FNDA:1,(anonymous_15)
FNDA:8,(anonymous_16)
DA:1,1
DA:2,1
DA:3,1
DA:4,1
DA:5,1
DA:59,1
DA:60,1
DA:61,1
DA:69,1
DA:71,1
DA:72,1
DA:75,1
DA:101,13
DA:102,13
DA:104,13
DA:105,13
DA:107,13
DA:109,13
DA:111,13
DA:112,13
DA:116,13
DA:117,13
DA:118,13
DA:119,8
DA:120,8
DA:121,8
DA:122,8
DA:123,8
DA:126,5
DA:131,13
DA:132,13
DA:133,13
DA:134,8
DA:135,8
DA:136,8
DA:137,8
DA:138,8
DA:141,5
DA:146,13
DA:147,13
DA:148,13
DA:149,13
DA:150,13
DA:151,13
DA:152,13
DA:157,13
DA:158,13
DA:159,13
DA:160,8
DA:161,8
DA:162,8
DA:163,8
DA:164,8
DA:167,5
DA:171,13
DA:172,13
DA:173,13
DA:184,1
DA:185,1
DA:186,1
DA:187,1
DA:189,1
DA:190,1
DA:191,1
DA:192,1
DA:202,1
DA:203,1
DA:204,1
DA:213,1
DA:214,1
DA:215,1
DA:216,1
DA:217,1
DA:218,1
DA:219,1
DA:220,101
DA:223,1
DA:224,1
DA:227,1
DA:228,1
DA:229,1
DA:230,1
DA:231,1
DA:232,1
DA:233,1
DA:235,1
DA:236,101
DA:237,1
DA:238,1
DA:239,1
DA:243,1
DA:245,1
DA:246,1
DA:249,1
DA:250,1
DA:251,1
DA:252,1
DA:253,1
DA:255,1
DA:256,1
DA:259,8
DA:260,8
DA:262,8
DA:264,8
DA:265,2
DA:269,2
DA:271,6
DA:272,6
DA:273,3
DA:275,3
DA:278,6
DA:280,6
DA:281,2
DA:283,2
DA:284,1
DA:288,6
DA:289,4
DA:290,4
DA:292,4
DA:293,4
DA:295,4
DA:298,6
DA:302,6
DA:315,1
DA:316,1
DA:317,1
DA:320,1
DA:321,1
DA:322,100
DA:323,100
DA:327,1
DA:335,3
DA:336,3
DA:348,1
DA:349,1
DA:351,1
DA:352,1
DA:353,1
DA:364,1
DA:366,1
DA:367,1
DA:368,1
DA:371,1
DA:373,1
DA:374,1
DA:386,1
DA:387,1
DA:389,1
DA:390,1
DA:391,1
DA:404,1
DA:405,1
DA:406,1
DA:408,1
DA:409,1
DA:410,1
DA:422,1
DA:423,1
DA:425,1
DA:426,1
DA:427,1
DA:442,8
DA:444,8
DA:445,8
DA:447,8
DA:448,1
DA:451,8
DA:453,8
DA:457,1
LF:169
LH:169
BRDA:71,1,0,1
BRDA:71,1,1,0
BRDA:111,2,0,13
BRDA:111,2,1,0
BRDA:118,3,0,8
BRDA:118,3,1,5
BRDA:133,4,0,8
BRDA:133,4,1,5
BRDA:159,5,0,8
BRDA:159,5,1,5
BRDA:218,6,0,1
BRDA:218,6,1,0
BRDA:236,7,0,1
BRDA:236,7,1,100
BRDA:264,8,0,2
BRDA:264,8,1,6
BRDA:264,9,0,8
BRDA:264,9,1,2
BRDA:264,9,2,0
BRDA:272,10,0,3
BRDA:272,10,1,3
BRDA:280,11,0,2
BRDA:280,11,1,4
BRDA:280,12,0,6
BRDA:280,12,1,2
BRDA:283,13,0,1
BRDA:283,13,1,1
BRDA:288,14,0,4
BRDA:288,14,1,2
BRDA:288,15,0,6
BRDA:288,15,1,4
BRDA:320,16,0,1
BRDA:320,16,1,0
BRDA:322,17,0,100
BRDA:322,17,1,0
BRDA:366,18,0,1
BRDA:366,18,1,0
BRDA:447,19,0,1
BRDA:447,19,1,7
BRF:39
BRH:32
end_of_record
TN:
SF:/Users/augustopissarra/dev/boaoferta/dev/security/domains/helpers/modules/crudmongo.js
FN:55,(anonymous_1)
FN:86,(anonymous_2)
FN:117,(anonymous_3)
FN:201,(anonymous_4)
FN:223,(anonymous_5)
FN:239,(anonymous_6)
FN:259,(anonymous_7)
FN:281,(anonymous_8)
FN:304,(anonymous_9)
FN:385,(anonymous_10)
FN:504,(anonymous_11)
FN:514,(anonymous_12)
FN:527,(anonymous_13)
FN:539,(anonymous_14)
FN:550,(anonymous_15)
FN:562,(anonymous_16)
FN:575,(anonymous_17)
FN:591,(anonymous_18)
FN:613,(anonymous_19)
FN:631,(anonymous_20)
FN:649,(anonymous_21)
FN:669,(anonymous_22)
FNF:22
FNH:22
FNDA:2,(anonymous_1)
FNDA:11,(anonymous_2)
FNDA:20,(anonymous_3)
FNDA:2,(anonymous_4)
FNDA:2,(anonymous_5)
FNDA:1,(anonymous_6)
FNDA:1,(anonymous_7)
FNDA:1,(anonymous_8)
FNDA:6,(anonymous_9)
FNDA:13,(anonymous_10)
FNDA:2,(anonymous_11)
FNDA:1,(anonymous_12)
FNDA:1,(anonymous_13)
FNDA:2,(anonymous_14)
FNDA:1,(anonymous_15)
FNDA:4,(anonymous_16)
FNDA:2,(anonymous_17)
FNDA:2,(anonymous_18)
FNDA:1,(anonymous_19)
FNDA:1,(anonymous_20)
FNDA:1,(anonymous_21)
FNDA:13,(anonymous_22)
DA:1,1
DA:2,1
DA:3,1
DA:4,1
DA:5,1
DA:6,1
DA:7,1
DA:56,2
DA:57,2
DA:58,2
DA:65,2
DA:66,2
DA:68,2
DA:69,1
DA:72,2
DA:73,2
DA:74,2
DA:87,11
DA:88,11
DA:89,11
DA:90,11
DA:91,22
DA:92,22
DA:93,22
DA:96,11
DA:118,20
DA:119,20
DA:121,20
DA:122,20
DA:124,20
DA:126,20
DA:128,20
DA:129,20
DA:133,20
DA:134,20
DA:135,20
DA:136,18
DA:137,18
DA:138,18
DA:139,18
DA:140,18
DA:143,2
DA:148,20
DA:149,20
DA:150,20
DA:151,18
DA:152,18
DA:153,18
DA:154,18
DA:155,18
DA:158,2
DA:163,20
DA:164,20
DA:165,20
DA:166,20
DA:167,20
DA:168,20
DA:169,20
DA:174,20
DA:175,20
DA:176,20
DA:177,18
DA:178,18
DA:179,18
DA:180,18
DA:181,18
DA:184,2
DA:188,20
DA:189,20
DA:190,20
DA:202,2
DA:203,2
DA:205,2
DA:206,1
DA:208,1
DA:211,2
DA:212,2
DA:213,2
DA:224,2
DA:225,2
DA:227,2
DA:228,2
DA:229,2
DA:240,1
DA:241,1
DA:243,1
DA:244,1
DA:246,1
DA:247,1
DA:248,1
DA:249,1
DA:260,1
DA:261,1
DA:262,1
DA:264,1
DA:265,1
DA:266,1
DA:268,1
DA:269,1
DA:270,1
DA:271,1
DA:282,1
DA:283,1
DA:284,1
DA:286,1
DA:287,1
DA:288,1
DA:290,1
DA:291,1
DA:292,1
DA:293,1
DA:305,6
DA:306,2
DA:307,0
DA:310,2
DA:311,2
DA:313,2
DA:314,2
DA:315,2
DA:316,2
DA:317,2
DA:319,4
DA:320,4
DA:321,4
DA:322,4
DA:323,4
DA:324,1
DA:326,1
DA:329,4
DA:331,4
DA:332,4
DA:335,4
DA:336,3
DA:337,3
DA:338,1
DA:342,4
DA:344,4
DA:345,4
DA:348,4
DA:349,4
DA:350,0
DA:353,4
DA:354,4
DA:356,4
DA:357,4
DA:358,4
DA:359,4
DA:360,4
DA:361,4
DA:362,4
DA:363,4
DA:365,0
DA:386,13
DA:388,13
DA:389,13
DA:390,13
DA:391,13
DA:392,13
DA:393,13
DA:394,13
DA:395,13
DA:396,13
DA:397,13
DA:398,13
DA:401,13
DA:402,1
DA:403,12
DA:404,1
DA:406,11
DA:409,13
DA:410,6
DA:413,13
DA:414,6
DA:417,13
DA:418,0
DA:419,0
DA:420,0
DA:421,0
DA:422,0
DA:429,0
DA:432,13
DA:436,13
DA:438,0
DA:439,0
DA:440,0
DA:443,13
DA:444,8
DA:447,13
DA:449,6
DA:451,6
DA:452,6
DA:463,6
DA:466,7
DA:468,7
DA:469,3
DA:472,7
DA:473,6
DA:476,7
DA:477,7
DA:480,7
DA:481,7
DA:482,0
DA:485,7
DA:486,7
DA:489,7
DA:490,7
DA:491,7
DA:505,2
DA:506,2
DA:507,2
DA:515,1
DA:516,1
DA:517,1
DA:518,1
DA:519,1
DA:528,1
DA:529,1
DA:530,1
DA:531,1
DA:532,1
DA:540,2
DA:541,2
DA:542,2
DA:543,2
DA:551,1
DA:552,1
DA:553,1
DA:554,1
DA:563,4
DA:564,4
DA:576,2
DA:577,2
DA:579,2
DA:580,2
DA:581,2
DA:592,2
DA:594,2
DA:595,1
DA:596,1
DA:599,2
DA:601,2
DA:602,2
DA:614,1
DA:615,1
DA:617,1
DA:618,1
DA:619,1
DA:632,1
DA:633,1
DA:634,1
DA:636,1
DA:637,1
DA:638,1
DA:650,1
DA:651,1
DA:653,1
DA:654,1
DA:655,1
DA:670,13
DA:672,13
DA:673,13
DA:675,13
DA:676,1
DA:679,13
DA:681,13
DA:685,1
LF:266
LH:253
BRDA:68,1,0,1
BRDA:68,1,1,1
BRDA:92,2,0,22
BRDA:92,2,1,0
BRDA:92,3,0,22
BRDA:92,3,1,22
BRDA:128,4,0,20
BRDA:128,4,1,0
BRDA:135,5,0,18
BRDA:135,5,1,2
BRDA:150,6,0,18
BRDA:150,6,1,2
BRDA:176,7,0,18
BRDA:176,7,1,2
BRDA:205,8,0,1
BRDA:205,8,1,1
BRDA:225,9,0,1
BRDA:225,9,1,1
BRDA:241,10,0,1
BRDA:241,10,1,0
BRDA:262,11,0,0
BRDA:262,11,1,1
BRDA:283,12,0,1
BRDA:283,12,1,0
BRDA:284,13,0,1
BRDA:284,13,1,0
BRDA:305,14,0,2
BRDA:305,14,1,4
BRDA:305,15,0,6
BRDA:305,15,1,6
BRDA:305,15,2,6
BRDA:305,15,3,4
BRDA:306,16,0,0
BRDA:306,16,1,2
BRDA:310,17,0,2
BRDA:310,17,1,0
BRDA:323,18,0,1
BRDA:323,18,1,3
BRDA:331,19,0,4
BRDA:331,19,1,0
BRDA:335,20,0,3
BRDA:335,20,1,1
BRDA:337,21,0,1
BRDA:337,21,1,2
BRDA:344,22,0,4
BRDA:344,22,1,0
BRDA:349,23,0,0
BRDA:349,23,1,4
BRDA:353,24,0,4
BRDA:353,24,1,0
BRDA:360,25,0,4
BRDA:360,25,1,0
BRDA:360,26,0,4
BRDA:360,26,1,4
BRDA:360,26,2,4
BRDA:389,27,0,0
BRDA:389,27,1,13
BRDA:390,28,0,5
BRDA:390,28,1,8
BRDA:391,29,0,13
BRDA:391,29,1,12
BRDA:392,30,0,4
BRDA:392,30,1,9
BRDA:401,31,0,1
BRDA:401,31,1,12
BRDA:401,32,0,13
BRDA:401,32,1,12
BRDA:403,33,0,1
BRDA:403,33,1,11
BRDA:409,34,0,6
BRDA:409,34,1,7
BRDA:413,35,0,6
BRDA:413,35,1,7
BRDA:417,36,0,0
BRDA:417,36,1,13
BRDA:436,37,0,0
BRDA:436,37,1,13
BRDA:443,38,0,8
BRDA:443,38,1,5
BRDA:447,39,0,6
BRDA:447,39,1,7
BRDA:447,40,0,13
BRDA:447,40,1,6
BRDA:468,41,0,3
BRDA:468,41,1,4
BRDA:472,42,0,6
BRDA:472,42,1,1
BRDA:473,43,0,0
BRDA:473,43,1,6
BRDA:476,44,0,7
BRDA:476,44,1,0
BRDA:481,45,0,0
BRDA:481,45,1,7
BRDA:485,46,0,7
BRDA:485,46,1,0
BRDA:594,47,0,1
BRDA:594,47,1,1
BRDA:675,48,0,1
BRDA:675,48,1,12
BRF:99
BRH:79
end_of_record
TN:
SF:/Users/augustopissarra/dev/boaoferta/dev/security/domains/helpers/modules/crudroutes.js
FN:29,(anonymous_1)
FN:165,(anonymous_2)
FN:178,(anonymous_3)
FN:191,(anonymous_4)
FN:204,(anonymous_5)
FN:217,(anonymous_6)
FN:230,(anonymous_7)
FN:243,(anonymous_8)
FNF:8
FNH:7
FNDA:1,(anonymous_1)
FNDA:1,(anonymous_2)
FNDA:1,(anonymous_3)
FNDA:1,(anonymous_4)
FNDA:0,(anonymous_5)
FNDA:1,(anonymous_6)
FNDA:1,(anonymous_7)
FNDA:1,(anonymous_8)
DA:1,1
DA:2,1
DA:3,1
DA:4,1
DA:30,1
DA:31,1
DA:32,1
DA:46,1
DA:48,1
DA:49,1
DA:50,1
DA:52,1
DA:54,1
DA:55,1
DA:62,1
DA:69,1
DA:70,1
DA:77,1
DA:84,1
DA:85,1
DA:92,1
DA:99,1
DA:100,0
DA:107,0
DA:114,1
DA:115,1
DA:122,1
DA:129,1
DA:130,1
DA:137,1
DA:144,1
DA:145,1
DA:152,1
DA:166,1
DA:167,1
DA:168,1
DA:169,1
DA:179,1
DA:180,1
DA:181,1
DA:182,1
DA:192,1
DA:193,1
DA:194,1
DA:195,1
DA:205,0
DA:206,0
DA:207,0
DA:208,0
DA:218,1
DA:219,1
DA:220,1
DA:221,1
DA:231,1
DA:232,1
DA:233,1
DA:234,1
DA:244,1
DA:245,1
DA:246,1
DA:247,1
DA:253,1
LF:62
LH:56
BRDA:54,1,0,1
BRDA:54,1,1,0
BRDA:69,2,0,1
BRDA:69,2,1,0
BRDA:84,3,0,1
BRDA:84,3,1,0
BRDA:99,4,0,0
BRDA:99,4,1,1
BRDA:114,5,0,1
BRDA:114,5,1,0
BRDA:129,6,0,1
BRDA:129,6,1,0
BRDA:144,7,0,1
BRDA:144,7,1,0
BRF:14
BRH:7
end_of_record
TN:
SF:/Users/augustopissarra/dev/boaoferta/dev/security/domains/helpers/modules/route.js
FN:9,(anonymous_1)
FN:18,(anonymous_2)
FN:27,(anonymous_3)
FNF:3
FNH:3
FNDA:1,(anonymous_1)
FNDA:1,(anonymous_2)
FNDA:6,(anonymous_3)
DA:10,1
DA:11,1
DA:19,1
DA:20,1
DA:28,6
DA:29,6
DA:33,1
LF:7
LH:7
BRF:0
BRH:0
end_of_record
TN:
SF:/Users/augustopissarra/dev/boaoferta/dev/security/domains/helpers/modules/redis.js
FN:22,(anonymous_1)
FN:53,(anonymous_2)
FN:62,(anonymous_3)
FN:111,(anonymous_4)
FN:125,(anonymous_5)
FN:144,(anonymous_6)
FN:161,(anonymous_7)
FN:181,(anonymous_8)
FN:204,(anonymous_9)
FN:226,(anonymous_10)
FN:242,(anonymous_11)
FN:257,(anonymous_12)
FN:276,(anonymous_13)
FN:297,(anonymous_14)
FN:320,(anonymous_15)
FN:340,(anonymous_16)
FN:361,(anonymous_17)
FN:377,(anonymous_18)
FNF:18
FNH:18
FNDA:2,(anonymous_1)
FNDA:50,(anonymous_2)
FNDA:3,(anonymous_3)
FNDA:1,(anonymous_4)
FNDA:1,(anonymous_5)
FNDA:3,(anonymous_6)
FNDA:1,(anonymous_7)
FNDA:1,(anonymous_8)
FNDA:5,(anonymous_9)
FNDA:7,(anonymous_10)
FNDA:19,(anonymous_11)
FNDA:8,(anonymous_12)
FNDA:1,(anonymous_13)
FNDA:4,(anonymous_14)
FNDA:1,(anonymous_15)
FNDA:4,(anonymous_16)
FNDA:4,(anonymous_17)
FNDA:5,(anonymous_18)
DA:1,1
DA:2,1
DA:3,1
DA:23,2
DA:24,2
DA:32,2
DA:34,2
DA:35,2
DA:36,2
DA:37,2
DA:38,2
DA:39,2
DA:41,2
DA:42,2
DA:54,50
DA:55,50
DA:63,3
DA:65,3
DA:66,0
DA:67,0
DA:70,3
DA:71,3
DA:73,3
DA:74,3
DA:75,3
DA:76,0
DA:77,0
DA:79,3
DA:80,3
DA:81,3
DA:83,3
DA:84,3
DA:87,3
DA:88,3
DA:89,0
DA:90,0
DA:92,3
DA:93,3
DA:96,3
DA:97,2
DA:98,2
DA:99,0
DA:101,2
DA:112,1
DA:113,1
DA:114,1
DA:126,1
DA:127,1
DA:129,1
DA:130,1
DA:131,1
DA:132,0
DA:145,3
DA:146,3
DA:148,3
DA:149,3
DA:162,1
DA:163,1
DA:164,1
DA:166,1
DA:167,1
DA:168,1
DA:169,0
DA:182,1
DA:183,1
DA:185,1
DA:186,1
DA:188,1
DA:189,1
DA:190,0
DA:205,5
DA:206,5
DA:207,5
DA:209,5
DA:210,5
DA:211,5
DA:212,5
DA:213,0
DA:227,7
DA:228,7
DA:229,7
DA:230,7
DA:243,19
DA:245,19
DA:246,19
DA:247,19
DA:248,19
DA:258,8
DA:259,8
DA:260,8
DA:261,8
DA:262,2
DA:277,1
DA:278,1
DA:280,1
DA:281,1
DA:282,1
DA:283,0
DA:298,4
DA:299,4
DA:301,4
DA:302,4
DA:303,4
DA:304,4
DA:305,0
DA:321,1
DA:322,1
DA:324,1
DA:325,1
DA:326,1
DA:341,4
DA:342,4
DA:344,4
DA:345,4
DA:346,4
DA:347,4
DA:362,4
DA:363,4
DA:365,4
DA:366,4
DA:367,4
DA:368,1
DA:378,5
DA:379,5
DA:383,1
LF:125
LH:112
BRDA:65,1,0,0
BRDA:65,1,1,3
BRDA:75,2,0,0
BRDA:75,2,1,3
BRDA:83,3,0,3
BRDA:83,3,1,0
BRDA:88,4,0,0
BRDA:88,4,1,3
BRDA:98,5,0,0
BRDA:98,5,1,2
BRDA:113,6,0,1
BRDA:113,6,1,0
BRDA:131,7,0,0
BRDA:131,7,1,1
BRDA:168,8,0,0
BRDA:168,8,1,1
BRDA:189,9,0,0
BRDA:189,9,1,1
BRDA:212,10,0,0
BRDA:212,10,1,5
BRDA:261,11,0,2
BRDA:261,11,1,6
BRDA:282,12,0,0
BRDA:282,12,1,1
BRDA:304,13,0,0
BRDA:304,13,1,4
BRDA:367,14,0,1
BRDA:367,14,1,3
BRF:28
BRH:16
end_of_record
TN:
SF:/Users/augustopissarra/dev/boaoferta/dev/security/config.js
FNF:0
FNH:0
DA:1,1
DA:2,1
DA:3,1
DA:4,1
DA:5,1
DA:6,1
DA:7,1
DA:9,1
DA:11,1
DA:12,1
DA:13,1
DA:14,1
DA:15,1
DA:16,1
DA:25,1
DA:26,1
DA:28,0
DA:30,0
DA:32,0
DA:34,0
DA:37,1
LF:21
LH:17
BRDA:9,1,0,1
BRDA:9,1,1,0
BRDA:9,1,2,0
BRDA:9,1,3,0
BRDA:9,1,4,0
BRF:5
BRH:1
end_of_record
TN:
SF:/Users/augustopissarra/dev/boaoferta/dev/security/domains/helpers/modules/cache.js
FNF:0
FNH:0
DA:1,1
DA:2,1
DA:3,1
DA:17,1
DA:30,1
DA:31,35
DA:32,1
DA:34,35
DA:42,1
DA:43,29
DA:44,29
DA:45,29
DA:55,1
DA:56,29
DA:63,1
DA:64,2
DA:71,1
DA:72,1
DA:79,1
DA:80,1
DA:89,1
DA:90,3
DA:91,3
DA:100,1
DA:101,14
DA:102,14
DA:103,14
DA:113,1
DA:114,4
DA:115,4
DA:116,4
DA:118,4
DA:119,0
DA:121,4
DA:131,1
DA:132,4
DA:133,4
DA:134,4
DA:135,4
DA:145,1
DA:146,0
DA:147,0
DA:148,0
DA:149,0
DA:150,0
DA:160,1
DA:161,3
DA:162,3
DA:163,3
DA:164,3
DA:165,3
DA:174,1
DA:175,1
DA:176,1
DA:177,1
DA:178,1
DA:181,1
LF:57
LH:51
BRDA:31,1,0,1
BRDA:31,1,1,34
BRDA:118,2,0,0
BRDA:118,2,1,4
BRF:4
BRH:3
end_of_record
TN:
SF:/Users/augustopissarra/dev/boaoferta/dev/security/domains/config/modules/config.js
FN:4,(anonymous_1)
FN:26,(anonymous_2)
FNF:2
FNH:2
FNDA:1,(anonymous_1)
FNDA:1,(anonymous_2)
DA:1,1
DA:5,1
DA:6,1
DA:7,1
DA:11,1
DA:22,1
DA:23,1
DA:27,1
DA:29,1
DA:30,1
DA:31,1
DA:32,1
DA:33,1
DA:35,1
DA:40,1
DA:41,1
LF:16
LH:16
BRDA:31,1,0,1
BRDA:31,1,1,0
BRDA:31,2,0,1
BRDA:31,2,1,1
BRF:4
BRH:3
end_of_record
TN:
SF:/Users/augustopissarra/dev/boaoferta/dev/security/domains/session/modules/session.js
FN:9,(anonymous_1)
FN:11,(anonymous_2)
FN:20,(anonymous_3)
FN:26,(anonymous_4)
FN:33,(anonymous_5)
FN:37,(anonymous_6)
FN:49,(anonymous_7)
FNF:7
FNH:7
FNDA:1,(anonymous_1)
FNDA:2,(anonymous_2)
FNDA:5,(anonymous_3)
FNDA:1,(anonymous_4)
FNDA:2,(anonymous_5)
FNDA:1,(anonymous_6)
FNDA:4,(anonymous_7)
DA:1,1
DA:2,1
DA:12,2
DA:13,2
DA:15,2
DA:16,2
DA:21,5
DA:22,5
DA:27,1
DA:28,1
DA:29,0
DA:34,2
DA:38,1
DA:39,1
DA:40,1
DA:41,1
DA:42,1
DA:43,1
DA:44,1
DA:45,1
DA:46,1
DA:50,4
DA:51,4
DA:52,1
DA:53,1
DA:56,4
DA:57,3
DA:58,3
DA:59,1
DA:60,1
DA:62,2
DA:63,1
DA:65,1
DA:66,1
DA:67,1
DA:68,0
DA:69,1
DA:70,1
DA:75,1
DA:80,1
DA:81,1
LF:41
LH:39
BRDA:12,1,0,2
BRDA:12,1,1,0
BRDA:15,2,0,2
BRDA:15,2,1,0
BRDA:28,3,0,0
BRDA:28,3,1,1
BRDA:41,4,0,1
BRDA:41,4,1,0
BRDA:41,5,0,1
BRDA:41,5,1,0
BRDA:56,6,0,3
BRDA:56,6,1,1
BRDA:56,7,0,4
BRDA:56,7,1,4
BRDA:56,7,2,3
BRDA:56,7,3,3
BRDA:58,8,0,1
BRDA:58,8,1,2
BRDA:58,9,0,3
BRDA:58,9,1,3
BRDA:58,9,2,1
BRDA:62,10,0,1
BRDA:62,10,1,1
BRDA:62,11,0,2
BRDA:62,11,1,2
BRDA:65,12,0,1
BRDA:65,12,1,0
BRDA:67,13,0,0
BRDA:67,13,1,1
BRF:29
BRH:22
end_of_record
TN:
SF:/Users/augustopissarra/dev/boaoferta/dev/security/domains/session/controllers/login.js
FN:10,(anonymous_1)
FN:12,(anonymous_2)
FN:24,(anonymous_3)
FN:26,(anonymous_4)
FN:33,(anonymous_5)
FN:35,(anonymous_6)
FN:47,(anonymous_7)
FN:49,(anonymous_8)
FNF:8
FNH:0
FNDA:0,(anonymous_1)
FNDA:0,(anonymous_2)
FNDA:0,(anonymous_3)
FNDA:0,(anonymous_4)
FNDA:0,(anonymous_5)
FNDA:0,(anonymous_6)
FNDA:0,(anonymous_7)
FNDA:0,(anonymous_8)
DA:1,0
DA:2,0
DA:3,0
DA:4,0
DA:6,0
DA:8,0
DA:10,0
DA:11,0
DA:12,0
DA:13,0
DA:14,0
DA:15,0
DA:16,0
DA:19,0
DA:24,0
DA:25,0
DA:26,0
DA:27,0
DA:31,0
DA:33,0
DA:34,0
DA:35,0
DA:36,0
DA:37,0
DA:38,0
DA:39,0
DA:42,0
DA:47,0
DA:48,0
DA:49,0
DA:50,0
DA:54,0
LF:32
LH:0
BRDA:13,1,0,0
BRDA:13,1,1,0
BRDA:36,2,0,0
BRDA:36,2,1,0
BRF:4
BRH:0
end_of_record
TN:
SF:/Users/augustopissarra/dev/boaoferta/dev/security/domains/session/modules/users.js
FN:7,(anonymous_1)
FN:115,(anonymous_2)
FN:168,(anonymous_3)
FN:221,(anonymous_4)
FN:258,(anonymous_5)
FN:286,(anonymous_6)
FN:291,(anonymous_7)
FN:312,(anonymous_8)
FN:341,(anonymous_9)
FN:350,(anonymous_10)
FN:357,(anonymous_11)
FN:368,(anonymous_12)
FN:376,(anonymous_13)
FN:381,(anonymous_14)
FN:394,(anonymous_15)
FN:408,(anonymous_16)
FN:421,(anonymous_17)
FN:428,(anonymous_18)
FN:443,(anonymous_19)
FN:463,(anonymous_20)
FN:468,(anonymous_21)
FN:470,(anonymous_22)
FN:483,(anonymous_23)
FN:491,(anonymous_24)
FNF:24
FNH:0
FNDA:0,(anonymous_1)
FNDA:0,(anonymous_2)
FNDA:0,(anonymous_3)
FNDA:0,(anonymous_4)
FNDA:0,(anonymous_5)
FNDA:0,(anonymous_6)
FNDA:0,(anonymous_7)
FNDA:0,(anonymous_8)
FNDA:0,(anonymous_9)
FNDA:0,(anonymous_10)
FNDA:0,(anonymous_11)
FNDA:0,(anonymous_12)
FNDA:0,(anonymous_13)
FNDA:0,(anonymous_14)
FNDA:0,(anonymous_15)
FNDA:0,(anonymous_16)
FNDA:0,(anonymous_17)
FNDA:0,(anonymous_18)
FNDA:0,(anonymous_19)
FNDA:0,(anonymous_20)
FNDA:0,(anonymous_21)
FNDA:0,(anonymous_22)
FNDA:0,(anonymous_23)
FNDA:0,(anonymous_24)
DA:1,0
DA:2,0
DA:3,0
DA:4,0
DA:8,0
DA:9,0
DA:13,0
DA:20,0
DA:26,0
DA:38,0
DA:48,0
DA:49,0
DA:53,0
DA:107,0
DA:108,0
DA:116,0
DA:117,0
DA:118,0
DA:119,0
DA:120,0
DA:121,0
DA:124,0
DA:125,0
DA:126,0
DA:127,0
DA:129,0
DA:130,0
DA:131,0
DA:133,0
DA:134,0
DA:135,0
DA:136,0
DA:139,0
DA:145,0
DA:146,0
DA:147,0
DA:148,0
DA:149,0
DA:150,0
DA:153,0
DA:157,0
DA:158,0
DA:159,0
DA:160,0
DA:161,0
DA:163,0
DA:169,0
DA:170,0
DA:171,0
DA:172,0
DA:173,0
DA:176,0
DA:177,0
DA:178,0
DA:179,0
DA:181,0
DA:182,0
DA:183,0
DA:184,0
DA:185,0
DA:187,0
DA:188,0
DA:189,0
DA:190,0
DA:193,0
DA:199,0
DA:200,0
DA:201,0
DA:202,0
DA:203,0
DA:204,0
DA:207,0
DA:212,0
DA:213,0
DA:214,0
DA:215,0
DA:216,0
DA:217,0
DA:222,0
DA:223,0
DA:224,0
DA:225,0
DA:226,0
DA:227,0
DA:228,0
DA:229,0
DA:230,0
DA:231,0
DA:232,0
DA:233,0
DA:235,0
DA:236,0
DA:237,0
DA:239,0
DA:245,0
DA:249,0
DA:253,0
DA:254,0
DA:259,0
DA:260,0
DA:261,0
DA:262,0
DA:263,0
DA:264,0
DA:265,0
DA:266,0
DA:267,0
DA:271,0
DA:275,0
DA:278,0
DA:287,0
DA:288,0
DA:292,0
DA:293,0
DA:294,0
DA:295,0
DA:296,0
DA:297,0
DA:299,0
DA:300,0
DA:301,0
DA:303,0
DA:308,0
DA:313,0
DA:314,0
DA:315,0
DA:316,0
DA:319,0
DA:320,0
DA:323,0
DA:324,0
DA:325,0
DA:326,0
DA:329,0
DA:330,0
DA:331,0
DA:332,0
DA:333,0
DA:334,0
DA:335,0
DA:336,0
DA:342,0
DA:343,0
DA:344,0
DA:345,0
DA:351,0
DA:352,0
DA:353,0
DA:358,0
DA:359,0
DA:360,0
DA:363,0
DA:364,0
DA:367,0
DA:368,0
DA:369,0
DA:370,0
DA:372,0
DA:376,0
DA:377,0
DA:382,0
DA:383,0
DA:384,0
DA:385,0
DA:386,0
DA:389,0
DA:395,0
DA:396,0
DA:397,0
DA:404,0
DA:405,0
DA:406,0
DA:407,0
DA:408,0
DA:409,0
DA:410,0
DA:411,0
DA:414,0
DA:417,0
DA:422,0
DA:423,0
DA:424,0
DA:426,0
DA:427,0
DA:428,0
DA:429,0
DA:430,0
DA:432,0
DA:433,0
DA:437,0
DA:441,0
DA:442,0
DA:443,0
DA:444,0
DA:445,0
DA:447,0
DA:448,0
DA:452,0
DA:456,0
DA:457,0
DA:458,0
DA:460,0
DA:463,0
DA:464,0
DA:469,0
DA:470,0
DA:471,0
DA:472,0
DA:474,0
DA:475,0
DA:477,0
DA:484,0
DA:485,0
DA:486,0
DA:488,0
DA:492,0
DA:493,0
DA:494,0
DA:497,0
DA:498,0
DA:499,0
DA:500,0
DA:501,0
DA:504,0
DA:508,0
DA:509,0
LF:226
LH:0
BRDA:125,1,0,0
BRDA:125,1,1,0
BRDA:125,2,0,0
BRDA:125,2,1,0
BRDA:125,2,2,0
BRDA:130,3,0,0
BRDA:130,3,1,0
BRDA:130,4,0,0
BRDA:130,4,1,0
BRDA:130,4,2,0
BRDA:133,5,0,0
BRDA:133,5,1,0
BRDA:146,6,0,0
BRDA:146,6,1,0
BRDA:149,7,0,0
BRDA:149,7,1,0
BRDA:149,8,0,0
BRDA:149,8,1,0
BRDA:158,9,0,0
BRDA:158,9,1,0
BRDA:160,10,0,0
BRDA:160,10,1,0
BRDA:177,11,0,0
BRDA:177,11,1,0
BRDA:177,12,0,0
BRDA:177,12,1,0
BRDA:177,12,2,0
BRDA:182,13,0,0
BRDA:182,13,1,0
BRDA:182,14,0,0
BRDA:182,14,1,0
BRDA:182,14,2,0
BRDA:184,15,0,0
BRDA:184,15,1,0
BRDA:184,16,0,0
BRDA:184,16,1,0
BRDA:184,16,2,0
BRDA:187,17,0,0
BRDA:187,17,1,0
BRDA:200,18,0,0
BRDA:200,18,1,0
BRDA:203,19,0,0
BRDA:203,19,1,0
BRDA:203,20,0,0
BRDA:203,20,1,0
BRDA:213,21,0,0
BRDA:213,21,1,0
BRDA:215,22,0,0
BRDA:215,22,1,0
BRDA:225,23,0,0
BRDA:225,23,1,0
BRDA:229,24,0,0
BRDA:229,24,1,0
BRDA:232,25,0,0
BRDA:232,25,1,0
BRDA:232,26,0,0
BRDA:232,26,1,0
BRDA:236,27,0,0
BRDA:236,27,1,0
BRDA:261,28,0,0
BRDA:261,28,1,0
BRDA:261,29,0,0
BRDA:261,29,1,0
BRDA:261,29,2,0
BRDA:261,30,0,0
BRDA:261,30,1,0
BRDA:262,31,0,0
BRDA:262,31,1,0
BRDA:264,32,0,0
BRDA:264,32,1,0
BRDA:264,33,0,0
BRDA:264,33,1,0
BRDA:293,34,0,0
BRDA:293,34,1,0
BRDA:295,35,0,0
BRDA:295,35,1,0
BRDA:295,36,0,0
BRDA:295,36,1,0
BRDA:300,37,0,0
BRDA:300,37,1,0
BRDA:300,38,0,0
BRDA:300,38,1,0
BRDA:314,39,0,0
BRDA:314,39,1,0
BRDA:314,40,0,0
BRDA:314,40,1,0
BRDA:314,40,2,0
BRDA:314,40,3,0
BRDA:319,41,0,0
BRDA:319,41,1,0
BRDA:319,42,0,0
BRDA:319,42,1,0
BRDA:324,43,0,0
BRDA:324,43,1,0
BRDA:324,44,0,0
BRDA:324,44,1,0
BRDA:324,44,2,0
BRDA:329,45,0,0
BRDA:329,45,1,0
BRDA:331,46,0,0
BRDA:331,46,1,0
BRDA:331,47,0,0
BRDA:331,47,1,0
BRDA:345,48,0,0
BRDA:345,48,1,0
BRDA:358,49,0,0
BRDA:358,49,1,0
BRDA:369,50,0,0
BRDA:369,50,1,0
BRDA:369,51,0,0
BRDA:369,51,1,0
BRDA:384,52,0,0
BRDA:384,52,1,0
BRDA:384,53,0,0
BRDA:384,53,1,0
BRDA:386,54,0,0
BRDA:386,54,1,0
BRDA:405,55,0,0
BRDA:405,55,1,0
BRDA:407,56,0,0
BRDA:407,56,1,0
BRDA:407,57,0,0
BRDA:407,57,1,0
BRDA:409,58,0,0
BRDA:409,58,1,0
BRDA:409,59,0,0
BRDA:409,59,1,0
BRDA:411,60,0,0
BRDA:411,60,1,0
BRDA:427,61,0,0
BRDA:427,61,1,0
BRDA:429,62,0,0
BRDA:429,62,1,0
BRDA:429,63,0,0
BRDA:429,63,1,0
BRDA:442,64,0,0
BRDA:442,64,1,0
BRDA:444,65,0,0
BRDA:444,65,1,0
BRDA:444,66,0,0
BRDA:444,66,1,0
BRDA:457,67,0,0
BRDA:457,67,1,0
BRDA:471,68,0,0
BRDA:471,68,1,0
BRDA:471,69,0,0
BRDA:471,69,1,0
BRDA:474,70,0,0
BRDA:474,70,1,0
BRDA:485,71,0,0
BRDA:485,71,1,0
BRDA:486,72,0,0
BRDA:486,72,1,0
BRDA:486,72,2,0
BRDA:486,72,3,0
BRDA:493,73,0,0
BRDA:493,73,1,0
BRDA:498,74,0,0
BRDA:498,74,1,0
BRDA:498,75,0,0
BRDA:498,75,1,0
BRDA:500,76,0,0
BRDA:500,76,1,0
BRF:163
BRH:0
end_of_record
TN:
SF:/Users/augustopissarra/dev/boaoferta/dev/security/gulp.config.js
FNF:0
FNH:0
DA:1,0
DA:2,0
DA:8,0
DA:14,0
DA:15,0
DA:16,0
DA:17,0
DA:19,0
DA:37,0
LF:9
LH:0
BRF:0
BRH:0
end_of_record
TN:
SF:/Users/augustopissarra/dev/boaoferta/dev/security/gulpfile.babel.js
FN:89,startPlatoVisualizer
FN:105,platoCompleted
FN:121,log
FNF:3
FNH:0
FNDA:0,startPlatoVisualizer
FNDA:0,platoCompleted
FNDA:0,log
DA:1,0
DA:2,0
DA:3,0
DA:4,0
DA:5,0
DA:6,0
DA:8,0
DA:9,0
DA:11,0
DA:12,0
DA:13,0
DA:19,0
DA:20,0
DA:21,0
DA:25,0
DA:26,0
DA:27,0
DA:30,0
DA:31,0
DA:32,0
DA:36,0
DA:45,0
DA:46,0
DA:48,0
DA:51,0
DA:54,0
DA:55,0
DA:62,0
DA:63,0
DA:65,0
DA:67,0
DA:70,0
DA:71,0
DA:78,0
DA:79,0
DA:80,0
DA:82,0
DA:89,0
DA:90,0
DA:92,0
DA:93,0
DA:94,0
DA:96,0
DA:100,0
DA:102,0
DA:105,0
DA:106,0
DA:107,0
DA:108,0
DA:110,0
DA:111,0
DA:121,0
DA:122,0
DA:123,0
DA:124,0
DA:125,0
DA:129,0
LF:57
LH:0
BRDA:107,1,0,0
BRDA:107,1,1,0
BRDA:110,2,0,0
BRDA:110,2,1,0
BRDA:122,3,0,0
BRDA:122,3,1,0
BRDA:124,4,0,0
BRDA:124,4,1,0
BRF:8
BRH:0
end_of_record
TN:
SF:/Users/augustopissarra/dev/boaoferta/dev/security/routes/admin.js
FNF:0
FNH:0
DA:1,0
LF:1
LH:0
BRF:0
BRH:0
end_of_record
TN:
SF:/Users/augustopissarra/dev/boaoferta/dev/security/routes/helper.js
FNF:0
FNH:0
DA:1,0
LF:1
LH:0
BRF:0
BRH:0
end_of_record
TN:
SF:/Users/augustopissarra/dev/boaoferta/dev/security/routes/site.js
FNF:0
FNH:0
DA:1,0
DA:3,0
LF:2
LH:0
BRF:0
BRH:0
end_of_record
TN:
SF:/Users/augustopissarra/dev/boaoferta/dev/security/start.js
FN:14,(anonymous_1)
FN:20,(anonymous_2)
FN:32,(anonymous_3)
FN:37,(anonymous_4)
FN:52,(anonymous_5)
FN:63,(anonymous_6)
FN:71,(anonymous_7)
FN:77,(anonymous_8)
FN:90,(anonymous_9)
FN:101,(anonymous_10)
FN:104,(anonymous_11)
FN:113,(anonymous_12)
FN:119,(anonymous_13)
FNF:13
FNH:0
FNDA:0,(anonymous_1)
FNDA:0,(anonymous_2)
FNDA:0,(anonymous_3)
FNDA:0,(anonymous_4)
FNDA:0,(anonymous_5)
FNDA:0,(anonymous_6)
FNDA:0,(anonymous_7)
FNDA:0,(anonymous_8)
FNDA:0,(anonymous_9)
FNDA:0,(anonymous_10)
FNDA:0,(anonymous_11)
FNDA:0,(anonymous_12)
FNDA:0,(anonymous_13)
DA:1,0
DA:2,0
DA:3,0
DA:4,0
DA:5,0
DA:6,0
DA:7,0
DA:15,0
DA:16,0
DA:17,0
DA:21,0
DA:24,0
DA:29,0
DA:30,0
DA:33,0
DA:34,0
DA:35,0
DA:38,0
DA:39,0
DA:50,0
DA:53,0
DA:54,0
DA:61,0
DA:64,0
DA:65,0
DA:66,0
DA:67,0
DA:68,0
DA:72,0
DA:73,0
DA:74,0
DA:75,0
DA:78,0
DA:79,0
DA:87,0
DA:91,0
DA:92,0
DA:93,0
DA:94,0
DA:95,0
DA:96,0
DA:98,0
DA:102,0
DA:103,0
DA:104,0
DA:105,0
DA:106,0
DA:108,0
DA:109,0
DA:111,0
DA:114,0
DA:115,0
DA:116,0
DA:120,0
DA:121,0
DA:123,0
DA:124,0
DA:125,0
DA:126,0
DA:127,0
DA:128,0
DA:129,0
DA:130,0
DA:131,0
DA:132,0
DA:134,0
DA:135,0
DA:136,0
DA:138,0
DA:139,0
DA:145,0
DA:146,0
LF:72
LH:0
BRDA:29,1,0,0
BRDA:29,1,1,0
BRDA:93,2,0,0
BRDA:93,2,1,0
BRDA:135,3,0,0
BRDA:135,3,1,0
BRF:6
BRH:0
end_of_record
